37 8671 906 4198 7297 4522 2006 814 4135 1738 116 3196 1319 6629 3895 6320 8061 2850 3353 8958 8906 2702 3618 9400 1337 2776 503 6806 1038 3855 2394 31 9793 3647 508 931 4032 2067
37 3729 9223 9663 7148 7534 787 4714 5983 7896 2003 194 9494 1193 5599 7539 2035 2771 2242 2461 6381 3718 7529 4681 8039 9618 5126 6515 9646 7801 8967 6801 4915 6400 4694 9490 9025 7515
37 5670 3339 6402 9547 5155 9005 3025 3243 5135 6383 1707 7679 6181 8452 4782 3687 1888 1757 670 838 3176 6811 9577 1034 8498 7687 6776 8965 6355 609 4758 7018 6557 5738 5614 6722 7560
37 6755 6167 6121 2636 9969 7675 6622 9698 6294 9768 2580 5157 4045 5344 7181 5681 6321 2766 9097 6092 7 1676 3307 3904 357 6845 166 3898 1945 8829 7977 3715 3886 2557 8959 47 8847
37 370 2106 1541 8174 9135 8102 6577 6994 9420 6899 5265 7014 4754 737 7732 6080 6210 1013 6016 9928 3111 2885 2904 4227 8864 9703 548 9167 6749 1967 7024 9537 7157 9713 8578 6184 4406
37 3248 933 1183 8767 7283 2359 7354 3917 9032 8251 9674 6290 5781 4332 4761 9478 6514 4987 9935 2453 6337 580 8569 1781 9837 2691 8342 9248 1141 5050 8651 1287 4805 3684 4937 7966 5876
37 1379 2215 1345 4271 6393 3812 8526 1393 2417 8271 861 20 874 4992 4213 6162 6123 4059 2225 7121 1017 4144 4839 7116 6187 8530 9532 576 6286 9993 9870 5667 3487 600 3926 2180 7401
37 5186 1117 663 1916 4797 5754 6142 4362 6117 8976 2652 7083 6582 4755 4899 3320 2081 2787 2906 6993 1609 3985 5082 5918 758 3720 4645 2458 4291 4516 4788 15 6202 7205 3155 1975 8348
37 9435 6260 710 5314 467 9106 1245 6697 7238 9543 5572 2923 2241 1158 992 1829 2083 9546 2757 393 1526 2970 4905 6045 1412 1466 8473 8639 7225 5515 9019 3152 6777 6055 2033 7088 9220
37 6119 926 8425 9274 4831 635 1495 3031 5103 9033 2554 2411 3386 5643 269 7462 7469 4713 5920 5871 4770 2803 4966 8193 3638 5728 410 1711 6471 552 1374 6369 1500 4921 2700 9182 8596
37 5961 1982 1694 4502 6789 206 1073 6790 3067 49 1219 9059 8731 3464 1434 3741 4205 6075 1081 4486 9983 2071 7764 6900 7156 9914 7366 2454 6610 1600 9429 6352 8339 1508 7547 1278 5101
37 9615 336 3869 6695 7617 4075 740 5607 248 5833 743 706 8616 1371 4641 8520 774 2314 4016 8130 4924 4964 8349 7298 9599 7199 7261 4282 2008 7164 7928 6536 8261 1661 9379 8280 633
37 7329 134 3692 2434 2919 2750 732 7000 1031 3404 7046 5091 6230 8408 2272 5749 1851 504 5615 436 7213 8957 1949 4235 6540 3253 3251 7127 6467 905 302 7716 4752 6715 7854 1512 7614
37 5071 7389 2336 5065 9636 1392 6865 8383 4360 1836 9461 5594 9788 999 3664 5474 2402 8804 9614 6735 4115 8544 8032 7110 6453 8159 6114 4103 6586 2525 141 9008 9854 9216 9289 2281 8753
37 6896 5472 9686 6438 5192 8830 8386 819 3546 1030 8218 413 3121 9706 8647 9517 6251 9631 5329 9452 8499 3159 9145 699 4594 2099 9792 9409 5114 2632 2892 7277 9712 1033 6043 5162 6884
37 572 3838 399 9978 2324 996 4909 7538 6064 8298 5223 6563 7078 7223 199 6597 6214 9246 5079 3540 8541 721 2127 8097 4610 5106 3 8551 4267 5803 6213 6298 8269 3974 542 2879 4953
37 6264 9175 9780 4242 9072 8077 9213 8909 5470 2638 3296 2854 6699 7763 7481 2761 7522 8500 7909 8012 4301 9799 5044 8488 132 9589 8042 1198 869 7247 6648 6254 3063 7786 3631 1449 6431
37 9099 7747 7411 4060 2947 6931 1775 5968 8180 9391 9001 5284 8409 1555 3082 5726 1279 1006 5736 7346 330 3394 8604 185 505 3616 8479 8317 1831 4707 170 342 7163 1225 8051 9251 4787
37 6074 7383 1137 2090 4287 4396 7235 3094 2773 8867 6409 1140 8419 2194 4248 1612 9094 5078 8559 8832 4862 9493 745 1063 2435 9102 2030 8513 4079 356 9586 6465 7700 8937 6988 7921 6273
37 5850 2213 7973 4298 5799 7974 9741 1372 8943 5025 8901 9281 9717 8983 2412 5480 1157 5444 2014 5644 8665 7252 997 7099 8792 2984 8944 1654 4590 8297 3231 7581 5230 6194 3836 3703 3993
37 1247 9967 5947 7780 4087 6385 7954 2974 7873 9203 1229 1028 977 7963 9205 563 353 7338 9201 7368 6641 8850 3673 3818 8863 4704 2998 2626 6025 9926 8161 2670 2207 3612 5473 7176 9139
37 5440 8404 2895 779 2478 2150 517 5826 9017 6897 3765 4479 419 7011 4005 9338 9192 6742 6478 521 545 9344 3187 9558 9777 3384 4828 5753 7793 6188 3749 4825 9279 9183 5338 2541 9576
37 2836 4370 6985 3742 3276 303 3821 6108 731 8674 3119 3871 6861 6244 4255 2556 3098 3882 5807 1022 5125 1972 193 4033 8247 6324 8028 2676 3719 2489 9594 8717 8862 7632 925 7356 3672
37 4372 1381 2421 7727 7543 2664 5346 8388 2280 4514 1873 468 4635 426 3407 7710 4452 6567 1214 6667 6090 1059 6587 4387 9454 6968 4856 7796 7840 1425 2621 5570 2372 9813 4708 973 4195
37 3099 4229 1794 3757 437 8814 9193 3028 1148 9239 394 5438 2707 41 720 921 4906 4823 2542 3311 7405 6113 9828 2504 6051 681 6595 567 1948 3649 544 8785 3213 1811 3403 9357 3771
37 9835 2013 9407 470 3019 5685 9071 4784 4980 6579 6003 479 9869 53 1515 891 434 4413 2604 5945 5233 8511 4775 2727 9852 7847 9044 8360 9036 9789 1624 6784 1463 5658 5733 9752 9474
37 3778 5246 8590 4529 7766 4943 2333 4465 2104 5583 6923 9002 2197 7138 7979 1668 7352 1632 8620 6040 6141 5617 7236 8256 368 8084 2284 2409 5851 897 643 473 8259 6835 9922 276 8954
37 852 1091 9542 6686 8423 8687 3533 2811 3849 4871 299 8564 7660 694 108 4716 1355 4548 3034 3153 1035 3956 5585 6898 3702 912 667 1087 9941 2798 2730 1065 2942 1493 6657 4218 9557
37 696 7068 6365 4442 3139 1048 1076 916 2690 880 2964 2477 6311 980 210 851 6590 1000 9739 8955 9511 2643 9504 7395 4877 7817 5977 3023 4237 7655 9669 4286 8215 7672 2616 7530 8222
37 9199 5193 7499 967 9322 1583 2817 7827 8021 7656 339 1304 435 7158 6022 8343 8726 1568 5407 2916 3488 637 7178 138 1731 3873 8059 9108 5293 2297 7755 1171 4927 6199 829 6739 3332
37 1248 1010 2088 6390 5497 5244 7446 4151 9887 3949 427 6450 1199 1567 5123 3856 6656 9600 8993 3792 5524 3743 4063 4689 5741 5365 5447 661 9345 4058 7528 2518 5950 3309 3643 7228 678
37 9502 3183 6066 240 6233 3224 6401 1411 945 8874 7378 136 7692 2024 2340 7893 824 4996 8176 7713 9498 4253 2685 8201 2019 6013 2362 1101 6135 213 7418 5959 1166 886 179 2367 117
37 8521 2175 4376 280 4400 78 8805 3714 5913 4993 9808 8257 527 1396 5715 9204 1971 4934 636 7453 3645 2762 7613 9393 2709 3396 1576 6183 7742 8747 1177 9973 8794 7054 8127 1658 2260
37 4622 175 1227 4672 7554 300 2891 8617 702 1546 8362 2959 335 9123 7186 5739 1377 3852 2206 5933 98 7396 5175 8112 2310 1825 6698 4859 5235 3145 4203 9726 2517 8008 7182 2140 4116
37 8552 8079 7066 6295 8324 1 1631 2039 8536 6151 6263 8041 4531 4629 1729 9964 624 458 189 1222 2861 9194 3297 3822 32 8487 9066 9237 3408 2634 7855 6976 3134 1830 9538 371 4098
37 9689 7756 4424 5455 4299 7844 2911 993 4276 9704 6767 3573 5773 7924 2985 9818 8460 1681 6703 4564 7785 5630 4041 328 6974 345 8240 1662 249 2028 8214 3611 233 7211 8729 253 3841
37 7902 4821 863 2116 1170 1077 2456 3834 8626 6731 7360 9035 4851 7677 5837 4209 2933 2132 6643 1159 4270 1743 3748 3342 7070 5810 8897 5486 6285 4473 957 1589 5534 3959 5801 6723 5092
37 9607 2578 6761 8697 2296 6569 4007 7775 7669 2155 2447 275 2647 894 5409 1165 6037 2688 8135 5085 7108 4521 7263 6891 976 4342 7913 5184 292 800 3375 8952 6969 9933 6708 6164 297
37 5986 6530 6143 1114 2741 8366 9064 7952 7624 2443 9115 8773 6010 8529 9324 2089 9184 714 5203 5463 4698 5973 6639 9022 5298 7879 7604 8226 5698 3669 8200 267 244 6857 3589 290 9650
37 6470 1249 5148 1435 4258 4575 1635 9165 2979 9253 7055 9257 5531 1816 4588 1315 3475 6411 2022 2231 3130 3161 727 7947 2963 1621 8054 879 683 2712 8438 4126 713 2896 5768 2018 6864
37 1533 1105 3556 2128 5445 3509 5132 1634 2198 8043 1156 4489 4076 7745 4738 5337 1537 7970 7374 9611 6675 7379 1421 9278 8049 8270 9300 6333 2131 3124 1653 8258 3045 1964 8728 6134 4520
37 7771 5941 96 2980 8403 3797 3261 9463 8126 5960 6277 4842 1934 5280 5748 3887 9079 5231 4533 5153 9173 5632 7505 2295 8869 5330 9095 3395 2749 2108 4512 9211 5064 3128 6977 408 8531
37 2650 940 2431 5598 7203 6583 2550 3346 8029 7600 7452 9200 5886 3228 8133 6743 854 7020 9450 5847 7308 63 4771 1269 8956 2982 1019 4273 9052 4210 2441 3146 6152 9359 1586 7340 6403
37 9855 1591 6186 583 2824 2715 1887 3210 524 447 1601 6747 8331 4457 3442 6046 5239 6720 4948 4935 585 4692 1861 9997 959 8002 8384 8340 970 7391 4812 7738 9117 5219 277 4721 791
37 2048 6751 418 390 8900 6228 2449 8232 6796 4078 1809 9719 2718 8911 2073 6826 7323 6998 4323 4042 107 4918 9170 5136 6846 5335 8250 9472 9528 6646 1773 2705 9679 6664 6218 4551 4440
37 9128 5650 1147 8925 6883 5684 3131 640 7779 6102 6426 9550 6300 1741 755 8721 7269 8949 4515 5185 1883 8329 6462 2535 7592 4640 5069 1615 3963 6281 1703 5902 9141 2568 4083 7096 3454
37 7278 1360 2307 9466 8681 5628 8053 4969 7251 1620 1953 6545 1907 360 3744 44 3875 2978 6357 1818 9403 6775 8132 9740 1483 6922 3254 9083 7724 9921 6310 209 1898 3932 5999 3788 2275
37 6071 9948 3141 9957 7224 8599 3562 4398 8560 4505 7146 7291 6392 1482 8978 982 2841 8276 120 6297 2784 1572 5992 847 8611 2343 3201 7569 131 5603 2249 4226 9258 1473 1726 2484 1919
37 5034 8363 5399 790 3681 7953 8106 4919 7355 575 4393 8936 3002 6058 2532 5580 6797 6033 6060 424 5538 6200 3385 4070 6245 1326 7419 5305 7133 6880 3436 5370 7670 431 1565 9467 3924
37 5429 4476 1026 9269 8230 4381 5353 2585 8224 3594 8532 2277 4705 3850 3437 7936 4179 2544 5308 9716 8669 842 9111 6099 2710 2509 6647 915 5919 6860 2315 3262 1468 8475 7262 2540 172
37 4130 8254 3726 2686 2760 8922 2290 4172 3129 2865 3872 9582 7606 8605 8941 3275 1960 2639 4051 9743 8779 983 5893 2912 4034 4216 8840 7651 3058 8886 3755 2981 481 7749 5493 7609 156
37 6492 4656 89 4731 5443 6813 3880 7846 4631 3064 167 1054 9365 4742 2345 4638 4358 4526 5321 8999 5288 7239 6950 7305 1021 3382 6817 2164 5883 8940 9018 2377 3006 6259 6756 4269 1789
37 2492 565 2925 87 6109 1590 2133 1759 9121 5737 8431 2794 2 9693 361 2788 3377 476 1981 962 5640 9107 5820 9620 109 9805 7906 5087 2419 7752 3891 5648 5066 4956 8991 1998 4445
37 3050 3190 9987 651 6379 3830 5376 4637 3440 2649 3173 3355 9856 3522 2561 2683 4883 5757 4581 4900 4666 1368 1366 7737 979 8962 5057 201 7142 3333 9617 1203 9043 8424 525 1927 5574
37 4495 2405 67 1823 1455 5333 1695 1422 7765 6496 3857 4880 4602 2244 9886 1284 9134 247 6841 367 3894 1066 7105 9879 4985 2725 4660 91 377 4327 5506 1877 8335 6334 6726 9625 5295
37 3793 6436 2176 9954 8266 8787 1342 7100 5026 2308 1291 1810 359 8542 4094 9900 816 8812 1042 9667 937 6701 8845 143 1112 1129 348 4773 7172 5046 4192 2285 9342 5942 881 4190 9673
37 8107 4981 5633 9366 7911 990 747 760 570 5716 8988 5620 6551 3578 4596 9374 2000 7607 9373 5296 581 2491 5679 3194 1876 1347 2173 4014 6571 9299 9507 8015 6916 4456 5765 5174 6799
37 4162 6719 1886 101 7093 3012 4661 9381 3021 8196 443 8720 3722 610 9759 9845 9758 7611 4154 8972 895 6364 3284 308 3163 3760 4419 4700 1685 5626 2029 7770 154 4627 4256 6650 2228
37 9040 7715 1523 6371 6212 4196 2717 3534 6316 2880 7513 8803 9771 4931 1139 5156 1478 6234 7010 9301 3132 5616 593 259 6548 2306 7649 4167 3069 9214 7031 6031 3602 7795 4382 7776 9849
37 8100 8375 6057 5880 6485 1625 923 8075 3083 2576 8696 8010 4781 4963 2774 1574 4339 8253 7708 7331 9910 5821 1511 9526 4532 9337 9897 2822 4613 2863 493 1626 590 5989 5388 9465 6098
37 7258 539 7254 7165 3062 8233 8287 6373 4375 3585 960 5499 4876 8220 2058 8003 6494 3677 114 7937 4254 9770 3565 5068 7507 6607 5936 466 725 8146 4719 9890 778 2809 6525 1603 6464
37 975 4017 4930 9307 4820 595 5568 2011 8293 1447 3214 8798 4972 2042 9186 4539 2074 3547 8914 5198 1479 4995 7931 8627 8370 6421 9998 2468 1216 4795 7576 6076 8769 8249 1474 9541 4390
37 5798 5502 9518 3727 6378 4307 8934 8575 5609 6982 3491 3848 1905 4679 4816 2870 2849 625 9923 2161 7220 3232 4009 7185 234 1354 4620 4186 5655 8163 1043 6566 99 8014 8588 3076 1070
37 3545 5840 261 4889 5426 7051 3452 5352 4225 1404 2082 2847 12 9521 3469 6077 8489 7991 6457 4015 2659 3835 7212 5326 4202 2813 6766 55 981 7249 736 4169 5990 4911 6689 3918 5360
37 7830 3164 7319 3366 6261 3897 1399 8009 3435 6655 9798 7778 7579 284 7523 5261 9448 1798 6012 1940 4403 7815 3426 3686 936 4853 4547 8670 5216 5874 5310 2123 2720 9705 9084 313 6869
37 7725 7813 8817 165 8716 1125 8429 2199 8507 9380 4577 358 6519 9690 597 3325 8463 1944 8579 2007 2708 5469 2530 2752 3364 9061 8602 16 3334 4657 5194 2957 3417 7634 3525 8780 8688
37 7135 1413 9386 6398 8624 4928 6704 5256 8171 6830 9453 3065 7926 5104 2338 4568 6081 1608 7007 4455 9508 2077 7458 9363 7542 7025 6073 526 8896 1993 3188 1894 5925 2162 5109 401 8811
37 9004 2499 9681 1629 4585 3490 449 9968 4274 8274 7943 2940 6787 8205 366 398 9096 5814 2178 7509 4170 7597 2996 2934 8828 5839 9520 2240 4524 4268 8400 3335 215 1536 8145 3225 5868
37 1954 1610 9288 1460 9460 243 4212 2476 4799 3434 3017 2987 798 9050 1516 4603 2790 3051 3221 2214 3073 8752 2157 2611 2678 9725 4461 9070 5215 9864 1487 307 65 8491 3162 5142 7836
37 630 423 6158 4326 7030 1441 4872 1521 7197 3599 4994 422 7967 4175 8710 7972 9867 9479 1228 3758 914 3688 826 8565 9731 3912 9464 6208 5272 9451 6278 6827 8283 2770 4895 260 6394
37 9189 3787 4426 5442 9218 4509 7210 3503 2470 2586 4951 8121 2253 9670 550 130 4766 1553 4986 764 6375 347 7961 8733 8570 5600 3710 8456 3429 7828 888 8450 9120 1023 8169 4511 7109
37 4733 2386 155 3451 3884 5189 7130 6048 4811 9548 7200 6727 4858 4402 5944 7477 1231 9622 3001 516 2955 6094 3103 3634 4913 4891 312 354 7782 3379 2303 180 4289 7580 4677 4068 9685
37 6644 346 7431 3060 6847 7762 8573 376 1375 9051 2625 8802 196 338 4469 8372 7586 6240 2191 258 1192 8833 4566 7388 2433 8512 1705 795 8793 2274 6615 6882 3604 8545 6065 7039 8856
37 7479 5207 574 6498 2404 6473 7899 9208 7784 4466 8477 5403 8374 5696 8884 8435 3476 4687 1918 5621 1027 4176 3754 7886 1133 3497 8742 7460 1563 7333 821 9055 8644 7347 9497 6138 6611
37 9829 8234 1312 6972 3203 227 9011 6093 6124 3041 8497 4785 70 1211 4351 293 3415 7668 9285 1418 8719 314 484 873 5496 3721 7933 1664 2829 5629 7553 8211 1339 7195 9779 1357 5665
37 4818 4194 2516 5467 421 8844 9727 7067 2416 9888 2958 6814 5247 4262 7862 9069 4668 4460 8094 5789 4970 3632 8162 4335 8273 5549 3453 9232 4611 4669 4347 5451 3828 9873 2222 4352 471
37 9068 8011 8505 3226 9996 1318 7706 4026 9519 1290 9268 246 5745 5978 1606 3264 5357 5772 6858 7141 8096 6296 1943 5491 5428 9484 8229 7816 2258 1180 8882 6724 3298 9606 6168 6556 6067
37 232 631 9000 9724 7270 3794 5835 4118 7244 2857 7583 4181 4736 3581 1003 5994 2845 8294 3694 9924 2165 6237 3774 5970 3117 3336 3842 1209 5946 6070 2252 2271 6039 812 7960 8080 2526
37 534 9155 9132 7694 7409 3815 5000 8584 2969 7266 7574 9291 6804 3479 6144 9174 6986 3908 6914 2185 50 828 1745 1834 316 4667 4855 8381 5227 7751 2086 7993 1639 4890 6447 5818 858
37 85 6630 6893 8288 6163 6035 3701 311 537 7498 5591 8394 1281 4182 7129 4573 5418 6009 2064 2084 8550 741 9585 2777 5414 2594 8101 654 6620 3052 775 11 3246 2951 4861 3474 8027
37 5003 1461 5439 7154 5300 2070 3273 6406 4200 128 2111 9 4220 3003 5483 9803 9041 6454 363 8724 1109 6293 1828 7009 489 2096 9370 1692 7053 9321 8078 588 5637 6909 783 5636 266
