20 677 6607 4109 5957 3220 7636 2320 81 7091 4591 4663 1945 7675 1238 6673 7416 302 8612 7527 8744
17 4377 2324 6164 1843 5156 559 1700 6582 126 2398 3630 3820 5365 2145 4424 3012 8054
20 1066 8484 6206 533 100 161 9357 2107 9838 2268 278 9967 8954 9032 270 4670 8723 8095 7565 2922
18 7463 1269 6307 1260 832 313 5564 2846 1392 698 8304 6315 6586 8899 3020 3687 1962 1288
15 2920 1838 608 5663 7934 4400 6013 7113 8813 9431 1032 5331 5325 9025 6241
19 4094 5245 9813 4826 2577 2919 3513 5100 8510 9219 3959 1965 5270 110 9662 4294 6606 2592 3279
13 4008 9405 3104 6922 2731 2930 5344 8952 9607 6617 7721 1214 3824
19 7475 6529 200 4863 2482 1487 7576 189 4533 4985 3244 1164 334 3479 9414 7992 7597 7163 9451
19 8310 6654 6875 3050 5107 1365 5702 715 8288 196 1236 5271 3508 7826 4408 1938 3923 5889 5390
13 6002 1414 6155 9680 7034 5766 6009 8998 1967 5981 4454 2685 4027
20 9393 658 1588 7323 1 7263 2480 1981 6861 1783 6469 3195 9957 1321 4095 7307 7310 6533 8083 5672
18 6783 9046 4661 6208 7118 9731 7573 8109 1891 2729 1171 4946 8465 3954 5776 9024 9354 4891
19 5335 1637 7224 3605 1111 2209 3981 987 2390 1337 4198 5479 407 9008 3260 111 4079 1306 2586
19 88 5218 5517 6069 3414 3435 4099 461 7843 5635 9086 3919 7378 7607 9854 9773 4197 1633 9522
16 2432 3249 5049 2856 9071 2291 105 953 7194 7454 2308 1517 6065 2583 3741 1336
18 5497 5727 4164 2497 8831 1835 876 7967 5353 7440 8750 7583 2739 5542 1241 1059 5404 4799
14 3156 3245 6004 8133 8768 4555 5838 4552 8542 8987 5092 1785 3791 3897
14 7965 7088 3989 5920 225 8188 4828 8662 8334 851 3935 9049 5280 976
20 8175 311 7337 633 3901 5074 6036 692 5104 589 9107 4609 4466 1507 5634 2767 7831 5988 3032 5275
13 2356 7687 8328 9636 7438 9228 8038 8250 534 5805 3419 1858 641
18 3869 3276 277 7867 9712 2217 2797 2292 6386 9778 3416 894 9893 1258 8999 1327 6439 479
17 2571 3918 4635 8554 4836 808 9722 1714 2062 7099 2913 2575 3175 1442 811 2276 6918
18 5299 1784 4184 6186 3112 1886 7730 252 6218 947 2231 3551 1839 5346 6390 1495 5563 6721
18 9707 6662 9556 780 1797 6580 1160 1639 4843 6234 9366 1026 1249 2083 9257 5973 5415 8154
14 84 2738 1697 9951 5678 499 6395 2918 3427 1467 8488 7166 3863 2203
18 1543 567 965 6749 8368 9678 1239 5899 3874 7926 7177 9092 7408 2131 5942 3787 6051 962
20 7928 8189 9469 4016 9042 2852 8018 3498 9433 9043 7130 7500 5945 6936 9427 8724 6246 430 9334 4156
19 2949 696 8073 5686 8187 645 3622 1098 8746 7222 4470 4529 9059 3485 1694 2747 8123 6288 632
18 1900 7864 6239 6316 611 376 7309 3146 6857 6605 5139 4000 5677 3348 2588 9243 6520 6365
11 4525 3294 6192 8766 2181 422 6399 8691 2909 7444 2818
19 4839 9449 2537 9314 2178 7693 8864 5247 6556 3763 195 478 858 2533 418 4375 3184 5312 3562
18 2135 6913 9282 6710 9064 853 6647 3285 1424 4237 3567 5850 1744 5242 7964 438 4374 6185
17 1335 7287 9495 665 9613 952 2366 3722 7285 9437 9098 1158 7833 5011 6433 8178 4158
22 5440 6404 7975 5888 7097 175 7564 6909 8316 6619 9302 1519 1618 1730 4943 4504 1788 1301 3093 6364 59 9906
17 837 739 3786 7737 9171 2105 8595 3465 6437 9143 4235 2873 2471 3363 1086 8948 9573
21 1315 6794 5205 1550 7380 9647 8296 8871 9192 7132 3674 154 3545 2047 2317 5774 6236 4380 9129 7356 1948
14 2519 2233 5554 6425 8348 9062 5910 3893 5734 8305 5528 2707 8389 1118
9 2465 7711 4665 448 7922 7245 4798 6359 7804
17 9976 190 8274 8803 1102 4356 5824 7498 8976 4351 2965 6320 5869 9057 2961 4606 8850
19 6466 7156 5214 8219 849 2578 2527 5907 9785 405 3152 3553 1856 3217 9041 8678 7744 6585 3134
19 8640 1384 3773 6021 7492 3721 1553 9553 8261 7796 1761 9212 4135 4240 1374 6616 9311 795 1378
17 672 1170 8370 3475 2112 1415 1292 8916 8383 2861 1136 1604 2419 3634 9580 1356 1277
12 5970 5808 8184 2051 3299 2756 6387 5643 971 9519 392 6690
16 187 1609 5535 9757 2409 1324 3102 7081 1348 8820 5317 9807 6100 3504 8279 8808
19 5018 6329 7768 6413 5187 1587 3778 1947 7090 5448 8002 3587 416 5037 6872 6285 3612 4490 8377
19 3253 8736 8892 7172 1634 5082 3203 2602 163 8692 4805 4569 8668 5648 2379 9189 8538 1038 8036
17 4309 2589 3317 1580 895 9033 5366 508 2115 2645 4359 5963 8357 1362 5845 3965 9227
18 7429 1605 9012 6842 1627 9497 578 5394 1999 6318 6464 6109 2223 145 2629 86 8959 8957
25 1757 4583 2118 5620 7628 8615 4195 9812 9720 9701 3905 4890 6733 1525 1151 1243 236 2878 955 7717 9014 6461 5592 8044 1805
10 1515 8557 2401 6245 8882 368 8633 2886 1473 7375
17 7005 6123 6450 6058 4245 2119 6597 6301 7100 8889 5333 3831 4600 3671 8541 9577 5682
20 3629 109 5636 6742 3398 8737 2108 3315 4096 6436 1832 3873 5852 4122 8942 7544 1728 9797 2880 7459
20 9752 9406 7927 3921 3566 2652 2415 6451 4582 999 9688 5199 2647 8046 8834 6701 8089 5388 2280 1939
17 3607 3579 7638 5892 9477 4493 4623 2630 3262 3455 4765 2615 6889 9993 8941 1019 6350
18 7956 817 9255 4088 9527 8173 4866 5001 6488 8974 2344 941 2832 9756 7083 911 1576 807
21 6670 4984 4084 5719 3116 990 6179 1820 5211 2644 6754 309 8392 2699 505 5740 1801 2219 2730 8519 5293
20 303 3596 9503 3565 9182 8951 9234 7761 8585 4453 6629 5470 9153 7828 2339 6621 797 2610 8770 7404
13 4090 3236 6053 6409 146 9579 3767 522 7540 1619 443 2540 939
13 7399 1228 2657 7373 9564 4477 4714 3469 8649 5314 914 4674 1061
22 9847 1372 9267 4410 982 7256 5660 1429 9420 8826 1592 67 4323 356 4025 9455 2392 899 9792 3500 4750 4509
19 1305 8489 2523 7102 4007 6893 3098 9248 4971 6203 8166 8917 8829 8522 1172 9465 5731 7057 1003
20 6412 3409 3541 1500 7211 9475 3364 6066 7830 9351 9231 451 2469 4596 2853 8908 9676 6627 5265 8887
12 4601 7612 874 417 7232 8194 9232 2 4539 5956 23 9690
20 8292 6135 3821 2649 6380 711 1872 3210 2854 3331 1444 3713 3355 9115 9404 5673 5096 4795 1403 1427
14 4742 4475 4196 2992 6398 9537 5170 6062 15 3907 8437 9969 8196 1067
18 1209 7180 1054 3885 6538 8529 5193 1330 6391 4777 7944 5655 4748 7625 6193 3250 9608 7115
22 48 2536 5771 5307 4384 3952 2104 357 6447 7352 2257 6071 3309 9217 4589 8222 2170 4785 9938 391 1055 6667
15 2009 4546 9543 6818 208 8259 396 5557 8105 6820 1572 7852 8914 9942 5478
18 5868 8302 1955 6220 8110 8243 9027 6757 4415 4701 1649 2991 5936 1615 6496 9280 3792 6514
24 2695 9402 1010 9795 6652 7663 294 1299 3077 4264 6353 4429 2943 6224 8358 5246 4780 3644 4522 6664 2862 3110 3589 5586
17 4078 7129 3092 3199 6584 1152 6374 4227 9505 4019 4121 8107 4612 8619 1295 2221 6518
15 1992 9090 5748 596 671 9761 4065 4092 9665 7910 7854 3274 5833 2806 7058
20 9313 1512 7631 172 2997 6643 9570 5962 7414 2439 9460 1035 1157 2795 4383 4203 4531 6294 2441 925
19 568 3651 8338 98 5352 8876 6274 1791 9247 6970 4382 8270 7536 5924 1808 7112 9940 7766 1212
24 4379 7993 1527 9353 6182 8030 3451 4776 4834 5878 3316 3550 1796 6891 4847 63 4708 3192 5283 3280 598 3543 1247 3289
14 6689 477 9627 7085 5503 6871 9199 7150 1747 4452 8115 7703 1419 6960
16 6263 1438 8832 3554 2651 2551 6237 4944 6921 1819 8567 6813 1107 7511 9986 8453
20 8518 3527 8978 2881 1430 1168 1721 3501 537 6102 496 2255 167 6411 5065 1514 7772 8163 5253 9796
20 3442 9935 1869 2245 2927 8742 1745 8263 897 8125 6722 7781 5274 8390 2980 3917 4627 3728 1813 7069
18 1097 5213 6756 3375 4409 1762 8981 1942 8809 8997 2142 6568 7264 8269 4284 8139 2208 1577
18 7657 2641 3403 7557 9037 9481 2515 7370 6345 7900 6904 9697 3144 8388 9124 2252 3703 1341
11 474 8773 3404 5575 5217 3198 336 1380 3702 2019 8091
19 9003 4877 4867 9562 5158 8652 6344 6681 5992 5157 5741 162 3815 765 5079 4931 4841 4886 6158
19 6822 1630 8792 4806 1845 930 4699 4270 967 8540 3913 6539 7571 8172 8032 4967 2421 759 2677
20 423 3197 2455 1503 2663 6270 6784 2406 1831 2715 8512 6037 9271 1662 2094 1234 6148 1254 1261 3528
16 5192 3005 9965 5712 922 5593 5356 1045 8237 4746 4614 2619 7423 8195 8897 2337
18 9084 4387 41 5816 5263 8804 6618 4236 1433 2462 8859 7213 7878 5150 840 9635 1226 1150
10 9619 8262 1563 9229 5175 556 2127 4672 6045 3298
17 2735 6493 1995 8093 1949 1062 843 6677 6406 8817 6530 6154 5961 2993 8939 3514 2724
21 1560 699 8835 8868 4372 6896 5952 5514 6838 3443 4682 2159 4430 1486 7105 988 4726 4363 7219 1472 5571
21 5693 4260 8309 290 6705 2304 993 1101 1864 8491 2229 5929 5733 6827 4945 8497 9719 2830 2253 770 181
17 4435 5875 8157 640 2464 3784 9561 1297 4685 576 6709 3804 919 5048 1966 2516 3275
20 7861 8425 3129 9586 6261 3418 7169 1937 5619 5062 3968 7961 7258 2146 312 4998 9277 3218 616 526
19 3580 9137 1804 1873 7579 3524 867 518 1567 1382 6525 6144 5378 9309 2985 8320 2073 8641 8558
18 9514 8029 3910 601 2754 4617 1211 2164 8193 9358 9863 983 9961 2723 9521 648 762 8947
18 700 5387 9805 9549 8795 9546 141 8687 1368 7529 9148 305 7443 2071 7946 9169 9369 707
16 4494 1406 248 782 2952 8671 9392 1271 6883 5786 6226 6075 4275 8327 8098 8147
19 2720 3655 128 7000 7253 9684 821 7457 2513 3597 3213 1229 9856 9692 131 2683 2090 2286 2926
22 3817 7028 8573 8419 9702 6579 7066 1282 8545 3351 2294 6528 5483 2666 9931 2704 3056 6955 8594 170 8301 7441
16 6277 7114 9944 3058 6340 2667 4879 2790 8911 9110 1736 7280 204 8216 729 5296
23 9305 5615 9806 9575 3038 2831 1746 9284 4456 133 8748 4970 7646 6347 7925 4650 4961 8880 7888 2193 188 5848 2597
11 8731 2944 9078 9744 7347 426 3071 2946 1191 6789 3229
13 4059 4679 881 5302 4314 6522 3973 1237 2427 5828 8371 234 2502
10 2247 1492 7648 6352 4405 3393 2989 6866 6578 2573
17 6815 7398 3430 4482 9923 5913 1480 2179 5708 4840 6790 6787 7518 1726 8138 7985 805
19 713 4781 6951 951 4940 2640 5405 2766 2829 1679 5640 2197 3481 721 1153 5407 9048 3458 7937
12 769 5948 9559 7683 9289 74 9252 6981 4277 5046 6997 4243
21 519 7889 7372 4733 4544 85 5815 4634 1193 1774 3115 8646 7552 5925 8478 4999 1821 9123 9776 8874 2746
15 5445 3148 4630 1386 9872 3124 3338 6156 2086 3570 5391 1789 8913 8463 994
17 3055 6658 3462 8856 7662 949 9082 9998 3747 3916 8039 5706 2705 706 7836 4962 4725
16 1273 7913 6305 3433 3974 9849 9136 7860 2749 4425 8394 4769 9850 4049 5629 8569
18 9563 1593 9628 1723 984 8560 1110 4491 2048 2636 1988 5097 4262 1405 8900 8441 7719 9131
20 7499 3575 3068 933 4704 3122 138 2479 1317 8903 7273 752 9016 3803 7053 1014 818 3857 3097 3000
15 2883 9347 5025 5477 1977 7043 691 4638 1096 90 8513 8471 2363 393 7773
14 606 3540 8786 6856 9738 7364 4872 9837 215 21 3145 264 3310 4140
18 6706 2942 720 5240 9735 8300 8603 1364 3182 282 5184 1187 1829 7623 7437 845 321 9430
14 7070 3826 8198 57 4029 9645 7513 7924 5167 2584 5277 4191 229 9172
12 6901 9473 5721 2140 646 9265 2984 1584 7384 1428 8881 7147
17 5324 1323 3947 4404 354 5576 353 3044 2722 581 570 2347 4005 749 9937 8898 8535
17 8708 4428 3866 2934 8155 9100 2128 4248 9155 5587 997 6130 2093 6600 6968 5474 6613
12 1138 5113 8346 3842 8955 2585 7191 1197 1531 2444 2866 8057
19 3090 7471 481 4250 5656 4880 9394 118 1643 5372 9574 7651 7331 1806 5618 9339 6725 5977 2813
18 549 9452 7236 9557 7246 7479 8220 2556 8291 3101 4468 9995 87 7300 5251 8589 401 9530
11 2917 6457 8382 9634 1910 7203 7941 193 9478 216 3539
19 9409 6199 1142 2216 4645 6283 7812 4989 8843 4809 3796 3525 4727 8096 7052 7702 8865 794 5953
19 5934 1984 6410 8464 4021 6213 244 2095 7873 6460 3507 6079 6545 5454 8702 3172 4446 2410 1691
14 5860 8458 4421 6764 7174 1583 2368 387 7502 9955 1953 4715 7168 6190
16 5235 4414 6836 950 6985 8037 2314 9963 2867 3986 738 7923 981 3464 6311 9721
15 1867 8024 8351 2635 9610 6512 3785 5070 7918 5233 841 7802 45 3548 5573
10 9888 4706 4848 2297 4144 717 8716 1645 7943 6870
18 3549 9649 2566 9871 4318 4541 8101 9381 3854 4916 7267 6830 9323 1397 5560 9703 4570 6840
14 3307 7116 7637 4202 6119 907 1208 4283 3995 7087 6019 6458 20 5471
15 5300 3640 6669 1491 1973 7541 6372 5319 7084 9036 6275 7509 1481 9614 5819
20 6916 7862 3594 8695 7315 3798 9106 793 2713 4942 2552 2674 6276 7776 8267 5461 4901 4553 3402 9312
17 4618 8209 5757 5626 3958 708 5844 2052 7507 5002 8676 1505 798 3983 7813 6242 7950
19 4758 4959 7546 3666 9819 7777 3532 9288 7931 2341 433 592 8732 3001 2005 1354 1141 3984 9834
13 8477 4208 3188 4228 7779 2371 4271 3226 9953 555 4510 8137 3204
17 6663 4885 442 483 330 2160 7535 4937 3282 512 361 6324 3998 8355 8090 4649 8430
22 4855 4693 9144 1326 1215 4045 2072 7562 6178 6824 8143 8362 2254 1434 1174 1881 7681 2450 2905 9494 6595 8740
20 4071 7704 7465 3915 9538 8176 8094 4347 7045 7872 4489 1597 8336 9531 8634 2002 6817 1898 1892 6087
14 5769 2079 4624 4782 7196 6925 7205 7626 3828 3306 9398 2888 13 1642
21 273 5358 7249 5602 4035 9889 8806 1220 1716 402 8460 4265 3920 2010 3151 6611 9007 8451 3126 8156 5456
19 9679 1773 9045 830 169 8555 7282 485 2969 2622 8293 4979 9403 44 9501 6099 5443 1573 6467
19 3444 3196 2539 7226 6216 9165 1109 9272 1302 6106 9023 6038 1322 5206 1506 6153 2836 2839 9536
13 6381 2357 2904 3557 1311 9641 5256 5021 384 9443 3179 5978 1456
19 5086 7320 2642 2036 3537 2377 4031 7197 5219 8186 2332 9939 5687 291 8837 4310 1951 3064 1006
19 6807 842 3368 1628 4659 9158 3867 4821 2063 5349 2493 3768 8655 1848 5667 2843 5446 4013 2755
15 6695 2166 1363 1201 9681 2473 5298 5519 4125 6609 3292 4100 6499 2200 2964
16 3167 5743 3779 4613 6026 2732 6805 8493 9479 5284 288 9903 73 4451 8078 1343
15 2316 6110 2780 5511 2180 7411 4326 6832 9001 2218 2923 9748 5509 5669 2819
20 4307 3208 4502 6000 6357 8035 4907 2248 736 6565 7371 8966 558 6358 1202 8861 5760 9545 6650 8232
16 9799 1013 730 4107 8597 3770 7534 3606 1396 836 220 2066 7426 4261 1602 998
18 7040 5818 3354 3616 3057 1441 2654 2122 5102 2700 3395 6632 4178 8658 9390 7297 2289 1559
21 8703 7198 6338 1272 5422 3802 674 7474 130 9324 6171 3078 184 528 5546 4956 7202 9669 1718 1510 8775
21 9325 3951 5507 6474 1693 7096 8984 8686 4871 8026 2452 5023 9237 5220 3214 4333 5912 6302 6088 4185 8278
20 7401 5491 4980 7442 3051 7746 1325 7764 4566 7659 1629 9725 7333 6577 2372 221 8683 3180 9753 1887
19 5424 9128 1276 1963 6638 6570 7642 7769 281 2601 6769 2431 6510 9907 1526 2976 1479 8001 7024
11 6115 6849 3510 2967 5642 9127 9070 5076 7903 1146 2951
15 117 9052 2198 3191 6293 4636 2945 8661 4336 9932 1360 351 3637 4311 8022
17 5717 8020 1524 6392 2060 7278 8970 2558 6393 5523 2694 6948 3955 75 324 488 2609
19 222 9852 1564 2261 3119 8523 7729 4147 7077 1450 5943 3538 3598 7358 2114 8797 7154 3480 8280
18 6831 2838 409 5668 2323 6313 8800 7817 4085 5527 1275 517 1976 6370 5736 2349 783 8982
16 7957 8158 3991 3966 2000 4696 2171 6231 2805 8936 345 3143 8735 4909 5547 2273
15 3855 1113 9864 458 8659 8345 3027 4598 5153 7204 4896 9266 3522 5494 590
16 2559 6747 8784 9164 5291 7276 1676 3328 6059 449 8281 4030 9615 7953 7834 6521
18 4894 3257 3396 5347 2434 2076 178 6331 5933 6726 1772 591 3296 3100 8579 6349 406 1304
15 372 627 150 3833 3290 115 7822 584 6325 5181 8611 9439 3041 2376 1425
19 961 7020 1223 4705 1733 1968 2505 5310 7503 6864 1308 1566 3361 2226 6766 3322 1570 7011 3087
18 2061 7230 1218 318 2404 3904 5770 4406 9754 760 7185 4462 2182 8321 8790 9717 9146 4545
19 9140 9685 1200 9625 2900 4990 5400 3673 1016 2358 4289 5111 7858 861 1133 7427 1074 2618 7566
20 24 2538 419 6771 1913 127 7907 5426 8268 5385 2719 2068 6906 5789 3091 3698 148 9764 9766 9326
18 8329 5990 6202 5732 7162 2675 9264 6389 26 1990 6166 3125 5121 8313 5874 6258 4338 4124
20 920 8055 8224 7698 753 6719 514 8062 106 5101 10 4620 4915 6227 6551 8765 5521 1837 6470 9196
14 4143 2714 209 9743 4914 1565 2702 8097 7743 1351 2283 5467 9999 3588
19 3555 6558 975 9511 4652 9972 709 8485 2948 7680 9828 4817 6230 68 2529 7722 3860 2130 9673
16 541 5237 6711 4003 1686 5287 2477 9624 5582 3237 1446 2761 4444 6792 9493 3028
17 9675 8376 482 3840 5069 5866 9177 4278 9073 7727 3186 2611 5000 7671 4226 6035 5376
12 55 9974 3263 7690 2741 6336 546 6902 9251 5342 3719 1558
17 2576 8435 8040 4869 1884 5043 4344 5792 9319 3645 9583 3980 7247 7963 4010 2098 4052
6 4346 3990 7602 1135 3712 1087
22 8950 5112 135 6634 8273 2394 9928 2453 8505 4330 4964 9193 4102 8927 3023 705 9067 6993 4350 7133 2659 7460
17 6198 1860 9696 6550 8191 2362 7762 9238 7009 7195 5574 5884 1379 7044 4364 6016 3883
17 5885 2791 6255 1601 5601 7732 5279 5764 2139 9978 8905 2018 2726 2157 6576 7795 5784
18 9523 3311 493 6498 7994 5238 847 6793 9348 1053 1606 8660 6640 1708 1144 7228 8120 7223
17 3988 2748 8440 5351 2470 7344 8014 9800 6167 1050 6149 6509 123 2136 5937 1082 9916
20 4637 789 3830 4830 5088 8257 388 1291 9506 8776 2672 5940 7159 860 9956 16 4296 7131 5790 3313
18 1005 7451 9874 1508 617 8151 7811 9089 2042 7403 6928 1616 6929 4392 9467 82 4047 9786
20 375 4437 6003 9450 6196 4403 2260 9496 4653 3584 8099 4852 8907 3649 8639 5745 9771 107 70 6994
15 157 7104 5425 2167 2717 2506 4460 3010 7619 7960 9445 1028 1129 9259 9990
19 2869 2899 8434 846 9130 1511 6476 3429 8136 4669 618 8004 1165 6543 4548 6598 1367 7235 7281
15 7561 7512 8902 4352 6240 9337 8165 6660 1917 2562 3248 5322 5449 1653 7899
20 5716 945 9631 3783 9118 2802 629 3946 524 4316 8031 5930 5328 5641 2262 913 2908 7881 3346 7611
20 3103 5744 457 7686 4607 9858 8631 8928 6056 1283 9416 7095 6500 3019 182 5252 3529 2100 5538 7723
21 8962 5060 2399 2570 8854 5695 1169 1458 883 8963 3776 6777 4684 6471 6497 4342 9126 2481 5434 6853 7758
14 3371 166 8521 8772 9832 3291 7908 6964 5075 7603 4189 587 4332 9329
17 7929 2006 2973 1729 6526 2979 4441 7407 4939 7125 8828 764 7905 9747 6266 263 2134
18 9283 3160 7314 1755 3468 6882 8494 5041 4272 1918 569 5028 6828 4132 2521 7343 4823 4129
16 1776 1635 7580 3114 6814 46 6587 4858 7778 4190 4647 1167 2091 834 8501 3388
16 3149 6924 5285 2639 378 8860 3896 7316 4279 3832 3448 5330 7850 3641 9765 8925
21 4058 5393 502 4020 1079 2385 3746 8645 2921 2241 412 6205 1502 2733 8852 785 5515 9660 7951 5714 868
19 1664 4223 168 8791 6601 4966 9655 7558 5941 2504 5309 8549 7396 5078 6890 7660 2604 7051 9878
20 29 6150 7248 6984 102 8973 9132 6672 6297 3392 7076 9456 1807 3581 7257 2391 6136 8893 4286 1410
18 2020 2106 3875 1186 91 2924 6491 4206 5451 938 7483 1704 1070 1366 2013 259 4040 1300
19 6961 3459 5541 6567 2817 4123 8610 4038 3847 5810 1717 1432 5276 8685 8602 5055 8690 5865 1722
16 1833 2784 3490 6739 5428 1474 9516 1541 4688 453 7853 5136 7835 7863 9004 2038
9 1888 7013 4322 5286 1936 6998 383 4220 8921
20 9913 1994 935 403 4130 6172 3085 9790 8616 8920 9327 3960 339 7495 4922 4434 8949 8372 6384 7
12 8878 6745 352 8366 9498 9727 5625 3412 1049 4447 2550 6348
16 1353 4537 7574 2031 5375 5374 6905 6850 2129 1882 4581 2001 8276 7215 7017 6063
18 4150 5510 6765 266 3732 7856 4888 2954 8960 8307 242 9386 1092 8625 3886 5316 6676 3825
15 4842 7553 9926 2056 1331 2884 8272 8780 3494 1749 609 5410 3492 910 8122
13 2912 7329 5540 4602 6023 8938 3165 7234 536 8721 7018 4442 6591
16 8406 2788 3105 3270 3502 3759 5995 8760 1029 3323 748 8065 644 6005 9782 6917
15 5341 5858 9633 511 3477 5409 8546 8992 2365 1632 8845 51 8398 7184 2593
13 7141 3170 4920 1803 500 2590 4505 4192 2625 9200 9840 3591 60
18 1528 1024 7572 9657 4481 6132 542 1861 5379 4619 42 2868 5418 5927 1713 7649 1001 626
13 9216 563 7305 4628 3241 732 6679 1329 5518 650 4700 8080 8972
14 2986 8586 1221 5303 3366 5562 7635 1244 8066 269 1683 5923 828 3484
26 585 8459 6360 7787 572 704 7808 3155 9822 3556 3339 5249 9554 9470 3013 3730 3876 9203 4551 9646 9637 5896 9517 8210 7855 7349
18 6228 2123 3426 3445 7882 3646 5994 8857 6854 786 7377 4524 3132 6688 2827 1052 3535 6111
14 5406 2963 1421 4629 4159 4219 1217 4898 2328 2750 1795 1077 9558 1929
16 583 726 4246 1777 7901 7019 2842 6868 5986 1057 7071 1103 620 4354 9507 5063
19 8559 8699 4299 8614 2696 560 9458 4775 6041 5958 4906 2186 2752 7332 9760 9168 4759 7714 7969
18 3281 5034 4225 8079 1245 9276 6762 8918 6908 6008 963 6636 6124 3162 1398 8411 796 5334
17 7952 5359 4255 3663 6272 9539 3648 5550 4550 8063 2364 335 3517 9211 7450 9781 5147
19 5304 7357 3073 6903 531 4639 4744 6375 4747 1932 972 9855 6852 1127 2251 1958 7311 8087 3812
18 297 9996 4064 1252 9134 7595 6946 3271 3141 9709 4578 450 5315 5726 3889 6482 7496 4955
17 741 9768 7243 210 9242 3345 5382 8415 6308 7497 4783 3109 2779 4508 9296 7784 8217
14 7640 7210 6718 3026 241 7682 7068 5268 4335 1451 3726 9529 4361 5758
17 5598 8629 7666 2352 5799 6825 6379 4394 6312 4173 3365 5412 1952 8891 5476 5273 6260
17 445 8021 3411 2382 3194 9962 523 9612 9789 3592 5785 6249 5873 1161 1478 1093 6191
17 3564 2512 7430 3319 6969 4605 886 5260 7065 731 2284 1401 603 1877 7530 4811 6675
22 6952 9544 9830 3420 660 7916 9408 8164 9632 1008 3075 924 8169 7790 3577 6812 3937 9417 7954 8384 4683 224
18 9207 9246 4815 8085 5267 9035 1537 7679 1402 2740 2793 3806 9839 429 289 8503 3107 1931
10 3025 1651 1267 4115 6729 5124 1188 4561 4588 2300
21 734 1194 8991 6523 2673 8694 9611 865 9299 6339 5729 1654 6992 7981 960 3033 1334 8468 7335 295 8019
16 8395 8713 4673 4297 9457 6251 4819 4625 7385 9295 3996 8092 712 9918 8527 8013
13 4495 8290 6029 3022 1281 9900 1943 6999 561 1371 6691 4678 1855
11 622 902 3083 3708 8570 3423 1542 9061 2408 343 8069
19 1040 5746 5282 2132 7477 9133 6657 3561 2417 3428 5482 6376 3834 1413 3899 2628 5395 9711 4476
16 6541 328 9030 4973 6537 7456 2174 6120 6920 2359 3153 5755 1659 4918 7303 5294
16 3471 1489 655 8681 8421 8665 7274 319 350 6219 745 1089 6768 8507 3571 8847
16 2008 9550 9074 4689 1199 3568 6773 4334 5022 6867 9005 4859 8352 1641 9461 9915
15 2941 5487 9890 8989 475 8116 6247 5679 4681 217 5164 4812 1581 2329 9770
18 957 8449 8207 7883 8445 3970 649 7829 3466 8598 2947 7782 653 532 9759 623 4181 7825
15 3239 9595 9286 1460 8995 8617 3609 2910 8481 2148 5589 6448 8934 9317 1923
24 3743 9463 1640 3972 7759 5724 8644 9566 2467 8627 5133 5216 53 701 7543 6990 132 7845 4603 4412 4018 1207 3559 3626
22 9979 9087 326 4657 6639 3326 7837 147 7078 6444 694 2336 7306 3301 3302 9887 5685 469 1972 1454 1137 4978
18 5381 6752 5954 3789 9576 7445 3314 5534 3173 3447 4870 2682 4254 9525 1739 2764 1095 3688
19 4882 7082 956 977 159 9364 9077 1810 4667 9474 8738 1538 5085 4574 9808 746 4134 5232 8499
21 8675 8979 7086 497 1263 2355 8909 4857 9213 8524 9224 9250 1740 8294 4755 6472 7739 9010 2312 9860 8308
14 7877 3329 2690 6454 5662 1725 5033 379 8855 9835 1358 1703 6477 2411
18 1735 2520 3603 6430 6480 7167 5670 153 253 4526 3523 5843 8777 1128 7374 4339 4319 3380
17 61 1090 9869 4396 2059 3949 3227 4068 7179 1851 917 5118 5822 2870 5846 9307 2773
18 8840 8848 2495 7277 8353 7604 6930 2054 586 6306 7417 973 4304 9491 8515 2822 3405 2032
22 6649 2436 2425 6703 529 2661 4256 2906 7339 9881 8051 4562 5600 5512 676 7738 5639 3890 3780 7742 2169 1120
11 3457 3067 2147 3701 9375 4331 3261 364 6569 5666 9472
16 1978 1530 2782 4938 8118 4034 7387 2025 4358 5350 3431 4022 4506 7641 2563 8712
22 8420 1734 2605 4137 5135 64 9809 7301 3669 490 3137 8060 7995 7890 2222 2824 1483 631 3095 2423 8980 3848
18 6724 9401 1313 9524 9710 7448 369 2468 4893 9826 4739 3682 2201 38 5030 9147 1961 7731
17 6403 4376 6575 3169 6121 9983 1688 2478 6704 4389 7851 5752 2637 7350 6093 144 5504
11 9581 5856 565 7685 992 5713 2360 6659 3997 7654 2736
19 8728 6877 4153 8796 8504 7041 444 5323 4113 9157 232 8242 7797 2403 551 4671 1426 2847 7789
16 9411 3384 9297 5621 5241 382 3436 936 6116 1621 9788 2725 8142 5753 6559 3035
8 9256 6475 3636 7665 9424 599 8562 2212
16 4214 6884 825 5779 9949 5579 2525 2246 3595 8283 1388 8757 3268 2310 7138 1699
18 768 1100 4285 9345 9135 5116 2065 9729 2796 9706 7788 3383 604 4766 8943 6212 5244 6011
9 9020 8739 4875 2338 873 1440 7593 362 7600
18 5902 4170 9845 5917 177 4497 1859 7415 1709 6025 1974 4850 3497 6383 5354 2879 2998 2117
14 7119 7846 6912 1516 5052 7155 2088 9094 6535 6273 2679 2449 1701 7093
17 7109 9654 7208 9262 9948 3434 8446 2621 8218 129 2820 630 7283 7606 8429 8424 142
19 2429 5572 4703 3047 4643 2044 4503 397 7987 543 7046 5568 1289 8706 9772 602 8879 6750 9374
17 6456 8323 4761 2896 3117 8486 6103 4266 5026 2933 1750 2712 3006 7756 5269 9290 6465
19 489 9851 5777 35 2653 3133 5915 5632 4654 4312 2190 1854 8754 2510 9668 5854 2322 5944 9304
16 268 9691 4154 7382 6927 2126 643 912 4549 8010 8944 1126 4269 2623 9396 3975
15 6031 1792 8112 6280 6698 2290 4584 5532 7124 1673 3926 9622 3898 7996 4091
21 9626 3758 428 2250 5495 3482 1391 1476 5163 2863 151 1870 7505 9091 4076 7887 1400 390 5311 8581 4729
17 8342 7891 6420 5539 2207 5701 5526 121 2121 4718 4547 4626 2269 9051 1213 8008 6603
18 2278 892 1177 507 374 1455 7048 6642 3267 1468 8873 7302 3881 7747 6046 9383 3042 465
19 580 4511 8915 381 4953 3373 4969 8075 377 8534 7549 8432 4572 2067 7821 2353 2326 5720 6113
17 610 2928 5699 267 5674 2240 272 728 1314 4565 8753 7033 932 9154 8838 2055 6524
18 8179 7117 5120 656 8403 4300 9975 7187 2281 893 5486 7340 9699 6894 2161 3417 6978 4145
18 1993 1852 9011 761 1294 921 6426 5134 5522 3590 9365 2446 6401 197 3931 1809 2492 2845
14 3692 3424 2074 9179 7216 3193 6557 2855 9340 436 9215 4695 3929 4501
12 7799 6068 3602 1863 7692 8228 3062 6593 1710 6114 1253 7809
19 6361 2143 1970 7193 1738 3839 97 4106 7007 9080 9683 6282 3809 4977 4160 3724 4348 3664 1020
13 5161 9306 7255 5627 7209 657 9950 1417 9694 7755 5176 2541 3284
22 219 8104 8588 6645 1494 2857 280 3967 3714 4512 7327 9946 7030 848 9551 5126 5399 7676 9484 5179 136 2163
19 4687 3029 3017 9190 9429 4713 3439 2383 7262 2978 3379 2728 1811 4298 491 5204 6973 7042 4292
20 5137 2041 1902 4958 4371 1896 2270 2228 5999 4055 7326 4212 2871 2496 6732 6028 4418 2606 6434 2172
18 3030 2711 4349 8059 7840 9195 120 40 8182 7615 213 470 3187 1184 9294 702 3994 8638
21 9187 6159 9640 6446 751 7135 5045 4498 2841 8502 9160 2461 6328 4023 1916 1274 8235 1636 3836 4951 3347
21 9291 4200 6200 6402 6082 4213 1048 516 3007 5180 8074 9867 4234 2582 5131 4399 3140 4905 5647 8332 7049
18 2313 3138 69 506 986 1181 4105 6067 2264 7296 3756 3582 7973 4373 9434 763 6931 3618
13 554 6851 3334 5584 7745 3623 5160 8506 6708 4204 7107 2242 1376
17 4788 9191 4080 4957 6809 8190 8782 2315 7570 186 9218 1533 6653 7983 6944 831 2318
16 3693 5654 3200 5756 4485 5830 3621 4114 3216 2785 4001 8315 3558 7859 9220 4716
15 8204 6786 439 6503 1232 4913 3425 1871 2546 96 829 36 1225 7424 0
18 6424 2426 3816 8653 7912 775 6094 6907 239 3300 2282 6229 6440 5207 6334 6250 3858 6644
16 4098 271 7876 3542 1496 8378 1081 254 9724 2693 6286 7838 8469 3864 4808 8622
17 9698 6740 5090 4028 5036 9846 9897 4722 8601 1493 8526 9088 593 792 9371 5811 8870
20 4066 2293 802 8747 8642 1256 6081 7014 2501 260 6590 2995 5363 2775 7688 4445 635 980 424 4393
20 1866 3024 5566 6438 823 5837 9156 1466 6939 680 7447 2936 7244 8635 3415 5644 9446 9909 5857 2650
21 2015 1655 2787 6648 826 1644 9388 5452 5709 8807 4044 304 809 686 8461 4051 79 6876 1147 2138 6441
20 1815 315 9382 8682 3493 2187 8990 9028 2565 6140 2498 2950 8931 850 5965 9391 7664 8275 6881 8070
19 6780 4648 718 8575 9341 3181 2393 5039 5715 1310 9682 3884 7775 6317 5749 3838 8171 9476 901
17 6900 2026 8146 2916 2033 4063 5437 2153 5548 7405 3660 6532 3385 5638 9338 4267 8726
20 6160 3572 8285 9492 9065 1523 9440 4397 9000 3039 1145 6975 6945 7060 8604 9308 8818 1085 6614 9176
20 7318 1674 119 8128 3993 9604 7010 1779 7525 8872 9571 9798 5149 340 4797 1390 2594 9650 1823 737
14 7911 7792 5212 6563 595 3531 7275 2561 8473 3312 8260 1293 5408 710
16 9901 3891 3108 2600 7152 9836 7647 8431 9350 1678 6554 6487 9746 6895 2940 3749
13 8698 7428 9947 5711 9263 659 2874 2612 3999 859 4461 3956 5780
17 4056 4233 6125 5054 6078 1412 1004 2835 8725 1781 6855 452 5935 5895 472 231 8350
19 5881 2422 1997 9620 4615 4366 4677 1924 2375 3 4188 2256 114 1657 2258 3922 1585 948 2185
14 8520 9920 1908 856 2745 2543 2898 1539 4473 7321 6763 4097 8045 9418
18 5027 1689 8637 854 1985 6962 7341 7462 4388 5320 3089 7367 3343 8674 8654 6257 2658 2210
20 2327 400 95 2442 4986 2665 8761 9526 5700 3121 7062 6117 158 5826 4680 9814 5623 1909 4865 4120
16 7936 615 1684 5228 4930 1443 3657 5998 1464 9331 4876 7844 2564 8452 5652 5841
13 8102 9274 8823 7379 6566 9816 6581 3725 7027 3273 2259 2277 3679
14 7229 661 5017 4656 2613 4664 3258 2023 2234 194 5763 7780 8483 2430
17 113 5466 5516 3739 6279 8159 4343 612 2532 2634 2522 1666 3084 2361 5591 5825 3586
14 9670 8566 9487 9109 5457 249 5502 4719 781 8455 9726 4230 579 3950
18 3667 3976 1233 4291 3082 7171 2706 8148 5380 7016 855 4889 1957 664 5429 7035 9714 3021
20 6767 5698 4507 3879 2771 6971 6716 2220 1960 6047 6542 5849 1535 2387 564 6417 3080 4741 1210 4133
15 3410 8277 1959 2937 4709 1012 4824 6042 198 9413 3766 5044 2794 5029 1134
20 2531 7677 1904 9002 9981 6089 425 6253 2078 6996 3489 1094 9081 5531 6943 9499 3185 6919 2508 4908
16 6633 4455 5887 3453 772 5031 2893 3399 8532 124 905 1549 4563 431 5876 2544
20 394 5710 4050 5012 9202 6956 1862 7515 3421 8945 7006 2633 970 9594 3318 885 5432 8648 4697 9831
19 7188 3461 9769 7434 9617 6407 4398 7103 4244 7164 5904 2389 9021 4702 3734 5499 5798 7289 3043
18 8271 9320 3717 2077 552 6244 7271 4892 8126 8129 6697 4210 1742 2902 3378 8043 6492 1204
6 3696 2999 8298 5847 8192 2175
16 5402 9412 1830 5234 4171 1509 5622 3862 3735 9659 5384 2894 2968 1991 3014 4268
18 2774 864 332 7494 6133 4163 6848 5061 4770 7063 3738 3927 4131 7469 7214 3327 5939 7733
18 1724 4575 3795 32 8367 8785 5009 5835 1393 2535 1411 5403 891 5423 1868 9876 1115 2848
18 8213 2975 7446 3906 9209 2386 4756 7984 4564 5301 4802 7098 9866 3018 5053 9750 8480 6693
18 7849 8715 3544 9804 4327 2395 934 1179 8401 1934 9534 9848 2487 869 1312 1195 5508 6221
19 4948 8574 3512 6034 4786 7134 3895 636 8325 743 262 4519 5209 1698 7801 757 1677 4987 5266
14 4586 1251 7870 1465 2781 1182 6163 908 801 7800 2484 5144 101 6527
19 6418 1030 4686 4101 4764 415 9226 3505 4221 3011 7137 8347 9598 3822 143 5839 3781 8265 4042
18 6843 6168 7874 9018 7785 6422 9101 969 454 8264 139 2816 7550 7029 8180 7079 5348 6
8 3168 3578 3135 9755 2342 8825 7476 5723
15 2507 9666 9104 9512 4593 5951 6737 6367 4111 1420 4075 6105 6714 6610 9970
16 1178 4139 3215 7633 7080 6982 3902 1901 2354 2111 7241 8130 3224 4778 3255 3478
20 8509 5500 6942 8034 6886 7342 9268 7266 8621 256 9877 6738 9518 7596 6084 8132 4556 9120 5361 4662
18 2828 4833 9385 5650 1346 2958 1979 5122 8628 9630 2004 6284 8364 4315 4731 4295 8552 3969
18 719 92 348 7805 7629 857 3474 4087 4881 1357 7551 3684 1765 4534 4458 1849 4641 6665
21 8587 2915 199 152 9751 3793 2173 7392 1266 1235 7608 6001 2988 3639 647 7348 1490 9793 1377 8582 3617
19 9733 4935 839 8042 1355 4017 7239 5537 7735 3376 2803 5010 2046 8238 9 5159 5398 4103 1950
17 1332 2335 1518 1175 292 300 5169 4426 7879 877 8584 5114 6017 8423 4861 4324 1751
18 6965 6455 5829 8530 6101 380 7466 6751 3593 1818 8016 7144 1575 2080 1658 8282 3518 685
10 1227 1625 8816 3615 896 9273 2075 6104 8958 7972
18 6044 5189 435 8940 8412 3228 6641 1946 171 812 8221 6759 5613 5264 6573 5536 8710 5225
17 6656 2626 7567 5783 4749 3775 9964 1799 3752 4789 4912 2204 7868 5823 4864 3837 7655
15 6694 8426 4720 4587 9180 2011 2885 7501 1058 6588 7139 3882 4161 6217 1579
18 3697 6735 5295 8609 5014 6932 7004 9541 3943 8012 4253 1798 9502 4174 2456 325 2770 3120
14 19 6741 3147 8935 7893 2097 8365 8684 3488 5024 4883 566 4186 8789
13 6252 6024 9138 833 9644 2632 4631 3387 4015 4610 108 7001 9736
18 8564 3849 8410 9419 5433 494 3761 7231 3574 1345 2850 1682 3131 9197 1812 5431 8884 1139
20 5222 8774 9485 4141 1631 6589 1768 8511 9379 238 5722 539 5038 7487 1903 810 3871 5599 5931 5665
14 1794 5649 3450 1431 6604 8439 814 5530 6760 788 7748 9589 758 8374
16 7293 3601 6128 1222 607 3205 2156 8007 9428 4621 2263 466 8663 4691 1290 9829
18 8630 5996 9815 7190 5751 871 2206 2373 5872 8153 9034 6330 7054 4813 5051 6958 2227 2897
11 6269 245 7554 3680 1778 6976 2458 9336 7824 4790 9281
14 2603 9985 2235 1106 5853 1453 6484 5373 3234 5186 1205 1793 3872 389
23 8787 9602 9254 6356 2776 6989 9151 5289 4224 3625 9870 4478 521 6400 7695 7089 6723 1445 3254 7039 5138 7783 7820
17 7140 6304 989 7668 4854 3843 5008 3661 744 3401 7753 411 4463 662 7568 4568 3880
20 1883 2681 6012 164 9842 9466 5861 4117 3672 6366 4692 1926 8258 160 6988 667 8 9811 6271 7393
18 4536 3176 2783 2982 6967 9737 8134 8904 6396 8565 6668 8256 6468 5926 690 3286 9532 5127
16 7709 5089 3066 7884 1250 9159 3909 230 6655 7192 5905 1816 747 4774 4057 9097
21 7064 8548 6536 3054 5628 3530 816 771 6504 104 4732 3801 2029 5671 2490 8183 540 8607 5057 8185 2271
18 1879 4910 2305 3036 7386 767 1875 8993 4903 510 577 2676 5609 5928 3533 906 638 6934
19 8783 8203 3585 2333 1352 4792 9833 6416 386 5166 8778 8005 6599 2929 2307 3627 5003 1230 5631
21 1447 530 2440 9116 5050 1369 5603 1470 8550 5880 2039 8476 8248 1063 4037 9841 6343 5688 9818 6748 2691
19 6189 2511 1986 3583 942 9742 1521 2875 7998 3992 261 5524 9204 4201 9663 7938 2224 669 1359
17 4873 2230 47 2825 9222 7715 6630 1800 5767 1743 7976 2500 2454 5831 8251 3386 1680
13 3546 4644 4800 9980 1612 678 7627 1463 3330 1706 2814 6507 3631
18 1105 3938 8236 4205 1595 7508 7176 7217 6798 7848 2617 3171 5493 3576 8910 4996 7586 6479
20 2424 7406 1240 2799 8937 7933 7697 3757 235 4032 3283 4932 1540 3814 8456 2064 8613 7123 8337 6505
18 9820 5006 212 5453 5690 3930 286 2804 4209 1499 4276 5877 5505 3015 4305 8311 3069 3620
20 3008 7585 9105 2686 1349 9075 2275 7724 890 3127 8815 7486 7439 2022 1039 5842 5596 8106 5125 5438
18 5227 4194 284 3740 3940 1660 3340 9941 7708 322 3059 6797 7639 3063 9567 6073 398 4474
15 9166 513 8448 7092 1046 8956 1459 8284 5832 8977 7644 995 1614 5230 8669
16 2296 7319 8254 6048 3232 9912 3496 6459 8729 954 1712 5290 7869 6979 3928 6494
17 7455 6804 498 7710 6076 4532 5464 6858 3979 693 1607 3733 1084 7002 2243 5543 2554
19 3049 9316 8536 9464 6346 3247 2043 3754 5692 8492 4694 3878 1670 140 4728 6782 7111 557 5110
17 7810 5369 2518 1647 6173 4089 6800 8883 7178 695 4043 5196 4573 5960 8888 1547 4592
11 5971 2742 5182 1557 3190 8324 5803 7643 8926 6290 3936
12 7270 8379 4355 8245 3437 9448 2953 4465 7391 3656 8131 8802
17 6139 2957 9705 1667 4024 2045 2388 39 6897 1782 1375 4182 5185 9555 1488 9700 480
16 7186 3865 6473 1685 4119 4853 7488 889 9547 8201 7481 8114 5894 2321 4779 3569
21 6502 8447 4207 6141 9068 8869 8827 2141 819 5396 3670 6661 4707 1185 3287 5806 3942 4157 4803 5697 6623
6 7435 8462 7108 5171 9605 4887
18 6485 206 6327 6966 459 4274 395 5005 4632 703 7240 9603 9794 5657 314 1064 8375 3723
16 3333 1121 4558 4658 9410 1436 1259 4104 9321 4280 4771 6362 4180 4041 4968 432
18 8086 5890 7312 3370 7847 7425 1309 7920 9687 547 5525 9170 3658 9713 7218 9560 1758 8543
15 8149 4794 5955 3807 7548 4862 3685 4440 9490 5140 9865 7279 5683 6080 6405
20 5343 6296 3632 6615 4595 2810 2035 8058 3295 3845 800 5183 8689 7201 3953 1987 4077 9198 4479 4378
18 1407 697 4807 4585 66 2753 3099 8798 7021 6061 9111 3844 7421 7589 2671 9656 2238 3611
16 8932 4112 5377 3818 1846 4247 7532 1166 8289 614 985 9904 9606 6368 2298 8443
7 8758 6265 4666 3325 6377 5606 9069
