5 7468 8031 2677 4577 2210
4 2591 948 2608 2002
4 8227 8278 2964 900
5 7227 3890 9760 7878 1732
4 4796 7408 2144 8195
6 9504 9541 5197 9714 7705 1962
6 7948 9686 1285 4753 5850 737
4 2418 9848 4127 2225
2 7206 3941
6 3202 4084 9253 1056 2795 4766
4 2736 1286 8319 7228
5 2573 9986 1542 994 4883
3 9927 1439 9374
5 4887 6320 2454 2592 242
5 5982 684 7720 6355 5745
4 8890 6521 6792 9606
4 1855 7836 4735 5937
6 9459 6692 5168 5294 1923 3107
5 7110 6622 6543 3081 4049
3 8563 2815 6991
2 3560 4142
5 1880 258 8006 9552 8091
6 7716 7153 4774 301 9787 4158
3 6517 6999 176
4 2660 4492 4241 3069
7 2176 5909 5343 6564 360 2133 4203
5 1817 3297 3624 8888 1594
4 9287 7053 8623 4747
4 9121 1751 6994 1987
4 8670 693 4177 9067
5 4027 4412 977 6019 1495
5 1135 9258 5604 1559 7042
5 5991 995 3676 8633 6148
2 7433 1868
5 2384 264 4823 8331 3021
6 2581 8632 1385 4844 2334 8674
3 5071 7898 9281
3 7325 1562 8147
4 6527 323 2993 4795
3 4471 4808 3612
5 5903 9966 7476 5889 3172
5 8967 584 6995 6170 1892
6 3647 6382 1426 5683 2100 1905
7 5480 2191 7280 8230 5320 6768 818
3 1000 4779 6606
5 5091 3504 2998 828 9465
4 1339 9648 2134 5030
3 7581 6445 4891
3 3539 3903 2908
5 203 3312 3320 2509 8054
5 6544 5561 5461 188 1153
4 476 3178 4320 361
2 7632 1599
7 7013 636 7599 9231 8202 5536 6221
2 978 3413
6 3321 8886 9642 9878 3259 4277
3 2528 706 2488
4 306 6911 2530 3931
3 6686 7252 8942
5 2718 5589 3315 5334 6626
3 2887 6717 2627
5 2053 6226 329 2326 3500
7 3654 5382 1959 4936 7688 6935 9834
6 8088 3516 5164 8891 9004 4308
6 6321 7534 1478 592 5248 2968
2 6753 2529
5 1159 9533 6291 1939 7133
4 4941 9146 1931 749
3 5983 2463 8943
3 8824 836 2287
4 492 8704 1347 79
7 8773 2710 3027 2125 1847 4364 5432
6 8071 4100 8999 4000 1473 7951
3 3358 5646 2563
4 5226 8201 6350 4193
3 8306 1652 5159
4 1399 4337 5758 2353
6 1192 8200 7753 4175 5961 495
4 2758 1400 538 5549
5 6190 5570 1354 9960 5788
5 5441 7056 631 4716 9454
4 7575 5296 9211 1837
2 820 4383
2 4557 845
3 8596 4401 5544
5 7804 4419 6348 2516 3076
6 9954 7940 2747 1663 298 7219
6 6377 3163 5325 6256 4820 7290
3 1376 6518 1446
4 2939 8923 750 2597
4 9377 6514 6545 1226
3 8730 6976 9203
4 4469 2773 1350 8850
2 4793 307
3 8727 5084 1336
3 773 7742 4424
3 7678 7813 3698
5 8303 1021 1659 2936 1573
4 4646 5346 1462 2329
2 1344 8301
7 9483 9754 884 5732 8304 1064 6507
7 8965 379 6801 4763 2806 3014 2098
6 3760 5255 3733 1007 1744 2148
7 4411 2649 2619 7127 2251 6074 7281
6 3936 3809 4925 6817 1479 7215
7 4011 8815 2476 3020 7788 2836 7181
4 9824 5326 9639 2830
4 7025 4261 1156 1691
4 180 3959 8839 8925
7 7270 1670 9403 7930 1579 4968 7111
3 9723 257 7375
8 6039 2171 7662 8348 6614 4862 8019 144
6 2212 9021 5997 446 1878 1788
4 1555 6495 4054 226
4 3608 2593 6603 4983
4 1067 4950 6644 2049
4 9868 5664 4901 8964
5 4829 6499 4122 6795 9290
3 3491 2196 7980
4 2346 8080 2819 1115
6 8192 6988 8356 579 5960 794
7 9925 594 25 9862 4286 247 452
4 5968 762 6782 3035
5 3341 5597 6687 6154 2211
8 3708 3694 249 3008 4530 8885 6300 1758
4 563 6665 3125 4393
3 7444 1356 3737
3 3578 8722 3749
6 8968 7680 8935 5373 8414 7964
7 6252 6129 767 5072 6384 6766 2208
4 1626 18 3791 3350
4 2430 6349 3637 3041
3 4818 5463 2704
3 7061 464 7566
3 5059 7467 532
5 7909 7658 702 3679 3954
5 7613 4005 6830 651 9661
2 3207 8569
6 364 137 9600 73 3533 1619
5 8253 9585 5470 336 757
6 719 3145 3135 8251 4510 973
5 1178 2812 2487 143 8265
2 9803 9304
5 1844 1666 784 5010 7017
4 7773 2491 3347 5331
5 2288 2654 2172 7437 8712
6 4679 549 9048 2342 6112 9396
6 3696 1821 1533 5652 3643 6390
3 5886 8618 6934
6 1381 688 2825 7059 2136 3427
4 2445 2070 1894 7996
7 6879 388 605 1035 4599 9831 2845
4 9252 3298 6917 8753
4 5513 9883 6631 7035
2 4483 3820
5 9550 1433 2678 7899 3284
5 9763 4438 6015 9765 5493
2 9520 4649
2 9359 1577
4 4070 6914 7337 7288
4 4138 8726 5900 562
4 9044 1586 7051 664
3 2951 7842 3825
4 9515 5637 8870 1261
6 3381 8793 4465 1615 2822 9129
2 1114 1425
2 5578 5055
3 872 3887 4759
5 7122 3536 432 1722 8333
6 9251 9732 8762 6311 8374 7906
3 8184 5891 1658
5 5137 4361 4172 7986 2090
5 1778 8139 8538 2609 5065
5 7464 262 4811 1919 7459
3 9360 5471 5973
3 8578 9569 2586
4 5478 2858 8218 5896
4 3709 8215 1935 9117
4 4528 6581 8718 2724
3 7621 455 4841
2 1545 7992
4 8402 6214 8365 8152
4 3827 6301 322 8770
4 2297 9519 5376 7057
5 1563 9999 2902 6676 4116
4 7147 3742 5531 3223
5 4420 4015 1144 7496 2658
3 5067 8862 5707
5 5553 5858 2298 6576 9909
6 7355 3774 581 8107 4220 4540
4 7362 3179 4971 9736
6 1208 3389 5828 4572 7623 4040
6 3614 1131 5910 3688 9507 8098
5 1319 9528 7368 2840 2408
5 7284 7519 5272 8666 7943
6 4006 1610 7947 3134 8879 840
4 7760 8561 5505 3120
7 5649 9985 1789 589 8341 165 8122
6 23 5705 712 4751 3322 7338
5 368 1459 3635 6060 4341
3 6591 8490 4416
4 6960 7744 5676 7937
4 6090 6470 54 7739
6 6912 6208 4022 831 9484 1327
4 6031 1427 8441 9677
4 6515 9301 9770 3559
3 8605 7713 3618
5 7809 5669 4212 8468 2200
5 5444 8240 6306 4977 4962
5 5371 8326 5851 2983 7
3 4417 1086 9472
3 9530 1213 8345
6 7109 6319 3324 1940 3889 8260
4 9186 5147 1654 8384
4 4301 4470 7601 321
5 6463 3633 4174 763 1277
3 7990 3850 3528
6 9256 5679 5498 6845 8837 4757
6 6403 7891 1442 2499 3503 5063
6 666 7113 9601 78 5563 12
5 873 1713 5138 9338 3063
3 7482 4931 3630
7 9349 894 3650 819 548 7789 3927
5 311 229 9184 5174 2152
6 1803 408 2237 1642 5048 8012
5 7972 2896 7524 707 9885
5 1023 2481 1481 9756 7756
4 2412 5533 7436 4298
5 3824 8845 7069 9849 790
4 8711 807 1858 479
4 4736 6099 6482 4538
3 5969 7410 3613
8 7347 8895 9636 905 440 3611 2926 8232
4 7015 3741 7115 1961
5 4329 3337 6616 1204 4929
7 499 4559 8340 362 21 4563 913
3 7522 6895 603
3 5332 437 5190
7 1146 8950 600 4898 3844 7731 131
3 9693 7295 5753
4 9346 251 9058 6242
2 3638 406
7 3147 3507 2693 8946 7784 9615 5618
5 8788 7152 1808 1225 1359
3 3861 8959 231
4 1027 5883 2202 805
2 1190 3480
5 1105 1706 5404 7157 5108
5 2866 8661 8581 5840 4108
3 6018 9294 2363
2 6834 3526
3 3291 8119 4556
4 2486 1087 2664 7509
6 4520 2977 879 2698 3431 2618
6 3225 8958 8934 324 8740 5512
3 835 9336 2873
5 7075 3515 1849 4672 7390
4 9418 7275 7733 220
5 7684 2777 6397 1009 1089
5 1246 742 7703 6152 7173
3 4868 7036 5266
3 7506 7146 9123
3 766 8808 9088
5 4467 486 6725 4210 8716
5 5780 1893 3492 8947 9097
5 8553 8913 1367 6840 5312
6 310 7771 3957 5322 207 1653
6 4588 4500 1216 5895 4042 3945
4 8330 2933 8971 2145
6 7453 3926 9385 1180 3571 6869
3 4838 5821 7833
4 1973 5813 3256 3965
4 3362 8397 1646 3458
5 3088 9257 926 6113 1288
6 7913 9372 940 5062 6046 3558
3 2620 6032 8503
3 1998 6212 8053
5 9249 1763 5811 5949 5859
7 7108 7239 6855 6072 8948 9739 6250
5 1922 3552 2876 8619 1258
3 6143 756 3525
3 1874 3111 3730
2 3870 2659
6 2015 8245 2343 1682 1088 5414
4 1140 6158 1456 3012
4 8047 1077 8825 3184
5 1061 4727 1936 5020 5456
5 3230 5140 3330 4281 6302
4 943 6322 5977 7038
5 6583 4573 26 4614 7374
7 7779 3508 9055 7050 5176 8641 3780
6 9019 1016 6477 8156 1764 9013
6 4717 1411 5141 8508 3619 6524
4 6610 2411 2203 2307
1 240
3 4949 4812 3975
6 6238 7844 5621 4900 3478 2750
4 5979 776 7182 1076
3 4325 1623 5361
6 8719 454 7635 2300 4622 6828
3 1284 6405 7343
3 1018 5118 2223
2 218 998
5 1956 9865 3227 1092 1948
6 4644 1776 8929 6769 669 6400
2 1022 8893
5 8571 2510 9644 7904 9024
5 7346 5307 3246 6127 7611
3 923 8113 5370
2 9910 6093
4 9914 3277 8526 1377
2 2448 465
3 1546 2697 6559
2 2709 9380
4 1529 0 6087 2888
4 641 5812 4799 5836
5 4317 1289 6217 1280 690
4 2177 5412 7978 5825
4 9740 9608 2376 2940
2 5254 44
4 2541 31 5098 2820
2 7458 8532
4 1785 2851 8430 9119
5 7936 9750 1633 5293 9891
4 5975 438 9398 5416
4 3729 2582 4476 4157
3 3367 6229 1304
3 8000 393 3856
4 7655 8998 1060 8607
5 3086 7218 8061 9567 4671
4 5573 7859 7241 9525
4 5985 5653 1408 5714
3 4604 7589 5434
4 8422 1699 7700 1242
4 2265 8622 2865 5398
4 8758 4052 9599 1569
5 2099 1882 6465 7235 1801
6 8111 7068 8394 3703 8199 9198
8 7862 4629 1421 5950 9076 2474 8838 8275
7 9913 9436 9663 3091 5762 6241 4490
3 4321 441 3792
5 4048 6548 8606 5003 1507
4 1002 6207 535 7968
6 2751 7835 2759 1341 3591 7039
5 3193 4181 9664 1976 58
2 89 9061
3 9449 2007 7667
2 7376 8078
7 233 1676 8809 129 5198 3911 2492
5 8878 3751 1118 5819 6051
4 174 3265 962 7954
7 6745 613 6509 6124 7450 7673 8279
2 3288 1662
6 1143 7767 5842 2096 9668 1552
5 5562 798 9609 6761 8700
3 8994 764 4392
4 5742 7189 8411 3204
7 6744 576 7997 3702 4140 6417 4662
8 4352 39 5317 6904 71 1322 5232 4133
7 9864 8290 9920 4580 148 6010 4473
3 7432 6191 8957
2 2669 418
3 5281 7242 5130
4 1206 3388 7393 3359
3 4948 1015 4542
6 7383 8244 5344 5877 2310 8332
4 1695 6365 7917 3665
7 2717 7483 7854 6114 9726 770 1694
5 9049 5000 6104 4972 4996
5 9579 3986 2502 3771 2953
3 3705 4432 9461
4 7379 6441 3042 5399
4 1194 8982 6371 748
6 5919 4373 609 1772 6323 2816
4 8599 2615 6 5173
6 4836 8679 6894 4231 7577 5224
4 768 9451 9829 6775
5 9489 6889 2337 1813 3644
3 1037 3755 1293
6 8546 789 9840 8389 4846 632
4 4065 9921 722 3264
5 6600 8568 3848 9448 8654
7 908 4810 8048 8473 2032 4691 8499
7 211 2308 2269 5776 1703 9721 107
6 384 7528 4275 4991 7989 6096
7 1269 2359 8975 8276 8986 5749 1805
4 5914 8070 3158 8744
4 389 488 7192 7676
5 3767 3964 2155 4600 3928
5 3161 7815 8949 4678 5485
3 7600 3229 7472
4 2944 8433 7154 8036
4 3272 8900 1645 869
5 7196 9509 5348 685 5661
4 4523 6520 4069 9977
3 4390 4252 7918
8 5245 4450 1736 350 8780 1333 2922 7460
3 3252 1705 9172
5 2981 8373 4191 3620 5599
3 3028 6342 6533
