29 5954 804 5049 6475 273 4156 232 5637 6874 2788 1872 4504 1172 8345 5839 5804 6565 6758 8804 3569 658 8030 9691 7128 889 9041 4827 8268 5707
29 9997 3233 4390 5511 9559 6869 5224 5138 2247 8262 4888 7328 5249 2833 2967 9453 6432 8029 840 5431 2861 2002 5011 2694 978 5907 1295 4256 2367
29 5454 8595 3171 4067 7109 8549 8368 134 7240 7629 8668 3315 8455 683 838 3211 2889 211 5043 3666 1159 4849 8922 7306 651 4619 4890 518 7021
29 333 9211 1062 1037 6925 9752 2992 679 1167 7680 1096 881 6976 8722 1873 2837 635 2327 7848 9337 3017 9048 5243 1633 4042 7166 5948 6542 2217
29 2603 2417 1468 3640 9811 2930 1994 3348 5296 7046 9420 7387 8769 5874 1968 8926 1272 6628 7425 4987 8612 2240 9318 4326 7711 891 3467 4963 1635
29 8033 4616 8523 544 8950 6681 4639 5916 5772 8042 5322 3825 636 7157 5962 278 1567 1848 1450 3255 8452 7266 2074 3163 6713 1943 556 5877 8696
29 5831 5160 9850 6765 8083 4716 3318 3997 2158 6584 3229 7275 9497 9280 9207 1052 9852 803 5186 5750 3395 162 8287 9335 737 5344 2067 764 2659
29 6599 7760 5756 7638 9408 4629 2053 308 8581 9870 6256 2260 8844 9458 6026 9290 2708 3113 5495 463 6034 8729 8789 5408 717 47 1184 1367 63
29 4506 2146 2795 6664 6382 4084 4530 5433 9848 6230 2230 7082 4002 345 2428 6175 6119 1403 8171 1426 3029 3509 9176 5575 2990 6153 1369 4881 7341
29 2446 7995 8657 3643 4219 5086 7203 9864 2310 8874 5222 8943 4284 3415 3377 2237 3599 6768 1213 2662 9137 4744 5872 3426 1728 8068 3083 9330 1637
29 7590 6603 8152 3260 9079 6922 6280 7800 2728 1370 8325 3603 4892 3629 7346 1453 3343 5287 2690 6900 4668 3338 7465 8648 8567 9542 937 7537 5644
29 5260 8372 839 8797 7707 9263 1133 9394 927 8004 5366 4782 5289 6719 6544 6448 3073 3319 7578 8303 7547 9132 6636 4505 8672 9698 451 9403 4978
29 7136 3562 3856 5942 6983 9790 62 851 4205 2892 5121 1000 911 3094 6044 7018 6607 7218 3088 3263 9105 3206 6848 2072 4531 641 2516 1503 819
29 2854 8346 7235 6819 9219 5724 3703 9565 8263 1610 168 6672 8801 9250 3003 3692 5026 2200 4868 9016 5929 8280 6548 8243 6011 843 3138 5953 1921
29 8019 8644 1060 108 2350 5448 7488 7110 9437 8458 6606 1228 2076 8352 6892 9547 3102 8217 3790 7479 3900 6642 1570 1546 1834 2571 9767 4339 7641
29 2635 9594 8983 5476 4966 2395 1236 6167 8517 9658 790 9575 67 1972 1046 2549 4328 3376 8491 8868 9226 3223 6517 8836 4367 6901 4699 3580 9770
29 2822 2830 6214 6754 1964 1025 3847 964 4454 8486 3850 4443 3131 2004 8883 3963 5790 3571 801 4016 6937 7530 7301 7376 1594 3041 7817 7806 7559
29 5679 1753 4433 3302 5668 6815 3049 956 1657 8700 2286 9127 1585 8278 6716 8550 9823 8414 7079 4441 5563 9638 7224 8045 859 8244 9869 1001 5486
29 7759 4049 4797 9522 5696 338 5744 4015 6215 356 3545 4243 4212 1262 7344 713 7196 4310 4404 992 4781 6662 5088 3478 4287 2308 6161 4866 1397
29 2098 3240 6687 6046 6620 2144 8293 365 9059 4831 5397 9012 9750 6010 2817 8135 9047 5154 7635 2974 2277 988 5932 1374 7477 12 1079 4685 5211
29 45 2163 4060 3312 9702 6000 6452 745 2021 9531 313 199 2020 7312 6996 99 9098 8461 1741 9597 3738 1814 7445 8940 2927 9563 6266 8514 9154
29 7833 3756 314 5794 1756 5020 7637 7467 8423 5838 257 9908 5768 2019 9411 1068 1927 4054 3754 3973 5858 9313 4209 4733 4407 4840 3719 7399 1298
29 6440 8698 1424 9787 9175 7177 6580 3272 800 670 1218 4774 8824 225 3944 9712 4727 1225 5123 2598 6383 2773 4651 2884 5294 6783 8105 5897 7134
29 3039 7324 766 6778 5516 8615 2138 3335 6538 2846 8466 4047 6585 986 6345 1517 7700 3805 6739 8800 935 797 2503 661 3614 1634 4683 3038 7215
29 6933 2414 9460 5545 3524 873 5901 3090 8377 2415 7610 4168 1319 9434 9334 6743 4815 3359 7428 179 2172 5961 8427 2732 6408 2834 1255 6390 470
29 2921 9328 3503 9797 4442 7845 7086 4394 1882 1477 3835 3670 7838 1056 5152 8355 1606 8847 646 6788 2733 8209 2588 4270 9576 7090 3958 4956 4576
29 2734 1817 1348 1014 2145 7147 5714 8454 6218 3683 2243 4990 4100 3011 5093 2077 3129 8837 3329 4894 4142 4816 7902 2294 3237 453 9505 3403 1596
29 1959 1833 4701 7335 8540 4573 3346 3528 3427 1193 4334 5304 8616 3879 2759 3180 8764 8133 5554 2665 4333 4445 2162 8510 5173 4682 4548 7270 9932
29 9832 6956 1364 276 4311 4009 9831 7349 1149 9327 7291 9593 2923 8115 1661 5786 5076 1495 5816 9846 5469 5004 8449 2285 3214 1361 9723 6639 5638
29 2820 3968 7395 3618 9636 4227 9537 7513 4953 1120 4062 6191 8899 6646 8807 9430 1469 649 8921 6469 1476 3862 7501 4993 4571 3406 4998 3159 6065
29 3117 1568 5941 4769 5855 4391 4942 9235 8848 3678 5904 7811 3174 6192 8675 5477 494 5493 2700 3466 4285 3725 4210 3841 3239 6932 7852 8443 6804
29 1434 9960 4166 5345 6459 8439 7185 1009 6615 4413 2799 7039 1214 4930 32 8882 9507 3013 5617 7495 3969 7913 3572 5599 5582 9320 1550 7322 8465
29 1785 8579 2332 3519 2293 9980 343 7347 8914 1310 4579 7771 5281 1952 9008 5443 2714 4645 905 6199 4982 7736 7658 2434 4961 5870 3758 6264 4171
29 3160 6190 8492 8875 1197 4175 9329 8620 4880 4500 1290 6252 3416 4749 213 5519 1047 7591 307 5923 1234 8382 6986 8802 9353 8895 9358 2016 8799
29 2772 1938 8654 2205 6407 2212 813 1865 7981 1555 2835 9545 3453 3771 2114 9716 9119 7829 7476 8674 6372 5089 114 1583 5812 8409 2789 6038 7774
29 8854 7313 5149 5965 9286 7769 5693 2762 8349 5074 4292 3494 8189 5219 2617 7102 379 3928 3162 1803 7226 8881 8127 5686 2214 2448 3101 7978 3386
29 9670 377 6879 3679 5116 3036 8281 6686 5390 6523 5514 1724 9372 8390 3061 3896 8221 7994 8571 438 1569 1041 9602 6751 1449 7156 5054 5851 5723
29 6428 8299 7793 2512 3396 5251 5706 7891 5274 5502 6069 4374 5395 2686 1452 5114 3409 9525 1265 1043 7170 1663 1912 632 6943 6447 2400 7654 6441
29 9738 7229 7787 4870 7699 9428 7016 1238 1411 4885 9973 4435 2825 3926 7298 6338 7778 8158 3056 535 6525 8676 5319 8818 7713 6203 7008 2957 2480
29 1179 7735 726 8027 2614 1016 6027 4137 190 4079 2909 9089 4689 9365 1774 6321 1571 1346 8495 2208 7446 2621 6316 9201 634 3779 7801 5779 4659
29 6613 5524 7984 26 2755 9974 4903 7526 380 2624 4241 4153 3020 6809 178 4332 8200 8333 6939 3245 1090 1617 6254 7228 6832 2514 8918 6680 531
29 4172 6791 9791 4803 3612 1795 2057 173 4465 2960 4856 3392 140 710 5820 4365 4700 9103 2026 1582 7940 7454 5217 9813 2976 9023 7553 4585 1911
29 9475 8085 5952 6970 1422 1462 2359 1770 7927 9006 9363 4519 9072 4215 4918 270 3662 3552 7103 3372 1284 765 3022 1108 7125 6358 3161 5365 3143
29 2368 2191 7708 563 3762 8714 3443 2242 36 6160 6531 2052 9116 6388 1146 4167 1173 2407 2754 9911 3736 4772 8451 6659 1209 9613 7966 5029 5208
29 156 3581 4543 3333 1863 2664 791 5670 6979 4931 7614 8889 3975 5691 58 6846 1456 299 1338 8138 2676 6196 4342 8302 4646 6972 321 825 7540
29 835 3860 554 5669 7295 1659 610 4116 4589 3086 1256 1329 1919 6665 2615 4373 5485 7273 355 5605 6568 8430 9374 2454 2422 2942 5280 1946 5738
29 2440 2091 3833 2524 3582 1985 8594 3297 8645 9231 6185 9689 5488 249 1170 234 7795 1632 2174 5139 5676 469 4485 754 1947 4346 9094 126 7690
29 8103 7642 1365 5237 9806 2201 4093 1322 6764 5900 3362 9857 3310 7701 2204 8223 1057 4946 923 19 9234 9840 8252 1061 4490 5747 5618 1954 4964
29 7318 395 3878 7929 7890 3380 9825 9315 1420 5090 7190 9412 8335 9311 4602 920 5827 7248 9156 9429 7716 6126 5785 3838 2667 806 5859 7362 8909
29 9145 8502 9820 8356 3866 571 4495 2096 3243 5235 1852 560 9051 6951 5994 6072 3400 9596 6039 7783 7571 6144 5792 1869 1237 9642 340 9697 7936
29 6885 6227 1691 5156 6748 1907 7408 7988 6919 1132 7268 1548 2539 832 4011 984 5731 7438 6476 5468 5625 9684 1966 1841 2618 9947 624 4708 9982
29 6261 5955 4632 7636 7742 7723 8526 5596 141 7703 8794 7824 2148 2589 2683 5095 5594 461 9706 2192 2081 2438 4449 6335 1800 172 287 845 7899
29 4467 3265 1247 9646 7026 593 7842 9485 8256 848 9690 1899 9809 8826 9217 5346 6653 6963 5038 4991 5421 5762 8010 8393 2095 6506 3931 2786 3517
29 9822 3611 811 6463 2756 1715 2295 6128 6978 409 4163 4844 7554 3685 2171 3753 4737 5242 2319 591 1065 8071 6926 6103 4105 7100 145 946 411
29 493 8545 7569 479 8261 7180 6710 7872 8812 7597 1668 7863 2495 6601 3441 9729 8999 4704 1366 3976 5321 9206 6489 7052 7094 882 1323 6952 2518
29 5455 5030 5041 9506 5566 8693 5610 6036 6854 789 5508 2062 1618 2977 6836 4177 1383 7437 6938 9083 4606 7954 9486 8811 7154 2749 8986 8360 6301
29 2150 7132 2793 5472 2396 629 4553 185 8828 8182 5070 4818 334 9287 3028 6706 8498 4406 6110 7710 3965 3523 3521 8576 2261 3993 368 8387 7534
29 1111 2156 4794 9685 3268 9115 9242 1344 7317 5434 392 7906 3290 9068 7112 1894 4549 9674 2684 2362 562 6805 2443 2883 6324 8376 6823 3918 5065
29 2922 4501 3128 4239 4455 7249 4183 1151 3821 4055 7036 1002 2780 799 8109 1457 633 302 9266 6064 5165 9649 6241 3424 7616 5950 4461 2879 4331
29 6130 5370 7918 665 2526 5713 7865 3741 8506 7038 1189 4657 8106 1147 231 7044 388 1376 6759 4499 4663 346 8326 7998 1576 1881 7729 9296 7260
29 5876 4260 1437 144 6150 4976 7607 2748 2679 5975 7409 5279 6098 2724 989 7171 9830 471 3276 1006 3097 4563 9631 1277 7332 8165 9615 1738 4916
29 3042 3384 6200 5377 9735 3680 6566 3040 383 8211 5238 7345 1405 9769 1494 7310 7159 2309 7023 9897 6605 8748 614 6 3938 6305 3474 6142 5823
29 2584 5645 9117 7042 4151 1380 8991 1222 3465 6675 9056 3431 5661 8752 3828 264 2219 8843 3473 7083 104 9114 4403 7048 6251 4811 3840 8768 5674
29 2995 5354 5503 8503 4046 837 6731 466 1433 8904 4040 3286 7596 5198 8149 6624 1840 1013 1710 8459 1334 1979 8075 7287 3661 3959 3072 3769 6576
29 2234 9764 8971 7219 291 1961 2840 7117 8793 1427 9842 6651 5441 8185 3175 7126 6376 6315 2702 5602 3178 8508 9364 2778 8637 396 6633 5007 2436
29 3660 5703 9913 2693 6756 7482 1093 93 5512 1219 1683 7032 5347 3136 5132 1664 2315 64 8186 9294 4731 2471 296 8690 6201 9778 3349 8216 7652
29 1666 7205 548 7922 1059 5860 6304 6902 3100 3388 7875 1825 3721 3368 2560 5695 112 1789 6443 9195 8301 7250 4624 1878 3859 2828 9438 3530 4901
29 6056 7609 5967 1066 9073 4123 4788 5446 3745 550 8055 3058 8659 6024 539 2251 2034 4164 5246 1400 7372 4029 9972 9637 8043 4026 4257 6974 8395
29 9058 5673 8432 1205 5207 4250 1042 6244 9619 9339 4262 521 8611 6486 5504 3463 6323 1351 248 3142 4206 2764 8905 3713 7647 480 6883 9995 8009
29 719 3075 9868 1818 1560 4165 4627 8968 6793 9733 4520 2928 2699 3246 5122 5842 6726 4470 2029 6685 9271 5364 9205 4038 1815 31 9748 2386 7756
29 9191 4830 3991 502 3126 1239 5671 43 8235 1679 5382 6287 8145 7549 8279 2372 3939 7365 8269 1087 3357 9062 9061 1811 105 7050 8236 5178 1508
29 2223 8184 5771 61 7084 375 220 1245 1194 2843 413 5064 2184 6811 4288 7656 4614 1906 7040 3714 4211 3413 7905 3084 9713 2501 8225 4254 7162
29 691 2563 4766 6623 9884 3266 5166 8737 1821 5293 2280 9979 322 7388 1507 2324 1887 9046 7003 7041 1026 1455 2284 1874 8219 1820 3404 8683 5987
29 7138 9858 8177 6416 1745 2049 1095 9184 3647 4900 3313 7753 292 4081 1482 2151 2951 255 4812 774 5979 4536 8456 4850 44 4412 1801 7194 2497
29 7245 9440 9104 3698 9123 1257 8754 3871 5176 3785 5793 3298 8939 189 664 214 6384 8034 3615 5288 6458 1514 4296 37 5985 2523 120 1665 2894
29 187 2182 5846 8586 9416 3716 6500 3486 901 9270 1011 54 3314 8371 1892 5214 6223 3193 8429 4649 3296 2102 9680 7440 8810 5559 3024 1268 6051
29 8141 8607 4057 6482 3518 8697 81 4828 2613 4289 5429 4401 4906 855 2800 3495 14 6512 7628 6682 4269 1475 9652 9620 2257 2572 8070 6830 1363
29 6096 2381 6610 6635 7323 6718 2058 9272 7748 8723 7472 1557 4456 4511 580 95 9630 414 3880 5444 3809 7391 1586 7019 3943 860 6755 5042 7577
29 3183 625 5532 1036 1442 3164 8711 8365 8036 2919 1074 1889 527 5600 1885 2869 6991 381 4389 9239 8048 7113 6355 4783 8343 4580 9452 8819 8629
29 7080 4107 3361 9236 3373 5416 740 3644 6562 3675 1680 4687 9007 133 643 5540 4814 1195 1652 761 8570 8173 4463 5091 1287 439 5507 5930 9837
29 5266 5326 8170 9459 6790 3733 393 2744 1777 565 8917 4028 6581 3981 6591 3525 8972 6724 4056 967 7814 9402 7073 2250 4196 65 9573 3422 7326
29 8725 8546 1734 747 5612 4697 7087 3854 6547 7671 5749 353 1935 4382 6757 2006 5479 2447 6792 6314 5871 5363 1129 7074 4459 4532 3589 9410 2681
29 6198 4980 8927 9755 1398 9629 899 9406 5105 6795 4898 5480 2262 7860 8378 4280 2593 884 2988 9614 6095 3691 6501 983 4138 8218 9971 9860 1766
29 6340 3832 3765 3385 5263 8277 4096 7054 5739 4370 8013 4293 1742 6941 3220 2225 4129 7881 8684 3690 944 1902 9789 1718 7281 2088 7319 3829 7820
29 5959 9445 553 3921 8699 6556 2429 5303 5748 4174 3508 8284 5890 2014 522 4488 9214 507 6678 6571 2543 6089 4036 2197 77 6159 371 5991 6246
28 8450 7606 6959 4909 5658 5990 2918 3830 6328 6097 7816 3817 331 7809 7493 4883 4492 1240 4086 8822 7198 542 7967 7644 581 501 9866 2296
29 7851 1660 9257 5675 1175 4018 8462 8791 888 5277 6263 5964 2705 3695 9800 4148 1736 6466 5841 1252 7821 7303 6917 732 344 6495 6776 7805 9478
29 3190 5325 328 5462 4415 6504 167 4350 9675 4483 5547 9793 223 600 9002 5270 2631 5614 4261 3732 6349 3032 5190 6887 2269 9579 6821 3472 3952
29 9151 957 9366 1862 4715 3411 1373 1784 1127 5523 594 5420 4667 412 4371 4230 4970 3602 4498 6020 7971 366 9657 809 6366 5032 6442 6061 6588
29 3016 482 2241 1779 4034 678 7572 939 1525 9308 3105 1493 6310 8446 9763 9355 2226 583 1523 5458 28 4558 3627 2896 2885 2712 9071 9555 8694
29 5634 1492 1531 4099 7416 9777 8006 8532 6162 7105 1349 5963 1934 1261 8601 6134 7836 4648 1625 8795 3189 160 2392 9523 9805 8731 578 9109 9138
29 5604 750 5889 40 1049 8884 2346 7866 4185 1797 9921 4101 9187 9081 4779 8732 9734 7292 9162 3337 4508 3726 4176 4908 5391 9045 2380 7854 3708
29 2870 1764 9942 8919 6973 6278 5368 5424 3192 3130 1849 6707 9249 4601 1914 917 1511 303 490 1379 6468 1362 2199 3559 2533 5430 7837 7422 2254
29 4891 929 4338 9940 3295 721 1677 1160 5315 9885 8122 7195 5137 3303 9256 4669 1391 1 6336 3550 3768 8923 8853 4039 9025 240 1891 7608 8670
29 7320 8404 7448 487 8327 4933 4278 7065 8154 431 2097 8047 2720 3705 5800 6904 8529 8196 6526 3252 9026 7092 4613 4255 4798 41 8317 9782 2994
29 8598 8039 182 928 3953 2147 6049 6437 9240 3167 373 4732 529 428 1771 1413 2658 6905 5415 2490 6373 8357 5019 441 3015 6041 9383 6810 7688
29 7643 2996 4568 9699 7985 1264 7022 8679 22 1304 6357 7706 9218 8332 3942 4477 2466 6877 7879 6394 7627 5576 3023 7354 3946 3274 8585 5361 3436
29 4114 2648 3693 7120 3844 5066 9856 8897 8460 7580 4489 2050 1371 1701 1103 623 7888 4557 3371 5078 488 9744 50 8192 6222 516 951 2809 2338
29 327 1599 5595 8118 1325 309 5796 4969 5760 3304 7450 84 5766 5848 3446 9252 9264 1763 8827 3089 5271 4024 963 9881 235 127 5374 655 9418
29 3883 1788 5245 6699 9120 2166 1300 9571 7316 4736 5597 7939 7941 6114 6006 669 5643 834 6083 8869 6514 6109 9569 1685 8241 1263 7764 4767 4131
29 2758 4671 4259 2876 3954 2126 4514 6752 4758 7745 2513 6183 9628 9043 5716 7053 7546 6326 8304 4513 6165 3526 5765 2991 6818 8658 5928 1791 9914
29 681 3877 8386 5537 906 304 555 8572 4385 468 8258 3191 7370 3923 4723 700 2821 4043 8107 4405 7786 9333 8388 4907 1626 9244 8374 3857 722
29 306 2711 9992 1139 7279 2746 6779 3151 8649 8588 3637 4223 2382 8020 4862 9666 3641 1781 4202 847 7211 1208 2566 9221 1812 7930 2902 2804 419
29 9392 9054 4754 1148 3259 9322 8257 771 8249 3234 8511 4019 1960 954 3054 2185 4955 2411 8259 807 1984 7469 3002 857 6745 940 4674 4965 9700
29 3636 8267 9336 6935 1024 215 1055 250 8389 4229 8224 5327 1747 8775 9959 8780 7499 9717 5060 2650 8380 6855 9623 88 9962 2385 6404 7655 8636
29 2849 1824 2785 2482 8872 4286 6618 5157 3780 4388 7847 3194 8821 8639 3646 9588 418 7353 9017 1201 9028 1072 9036 7520 7517 4820 1916 2901 4188
29 9581 9194 8125 1860 6374 7790 2258 3103 5887 925 21 7400 2355 3449 1838 2060 4232 613 9928 9946 1356 8101 4848 2360 1279 1705 8928 6587 6202
29 6812 7545 7115 5127 2430 4718 703 9936 9781 9883 886 7531 8337 6176 4368 1382 2740 1611 1471 5335 2831 142 2905 8747 517 5787 6332 4419 9604
29 9053 280 5984 4318 9817 2768 6816 9622 1306 5976 7761 4988 6085 5367 3034 6540 407 4103 2420 6604 9656 7862 9849 4681 7730 8077 7938 5562 4329
29 7849 9246 5583 5031 9669 9096 4730 7598 9990 1081 8652 2808 8536 7150 5606 6462 4750 5252 3261 7070 5745 3307 7895 4705 2264 3734 7861 6732 7887
28 3060 2496 8952 2769 462 4867 4307 4487 9425 2183 3228 7282 3456 9389 5072 2949 7737 241 2272 5164 9298 708 823 8777 1333 7214 6960 6017
28 1134 8730 416 2244 8074 6242 8178 9892 3770 6084 7305 1444 8665 6174 568 5971 9040 8023 3737 1075 9102 146 2784 5016 7508 1022 9152 5470
29 3440 6021 7031 5185 2195 7144 489 541 8251 987 1516 4127 5352 7620 5720 5373 1616 4482 8367 9401 4939 1843 6771 2177 262 3796 5712 1551 697
29 5371 1204 6578 7581 2506 2352 8726 184 7592 4432 8131 7672 7830 1929 4598 7853 2462 887 2118 8161 3140 1381 9608 9686 121 3311 8743 1653 9958
29 389 688 5528 6258 5826 919 9504 6286 6559 8974 1694 8859 8604 3251 4199 6365 6977 1156 599 7826 2816 4755 3947 1686 9582 9894 2031 8715 6090
28 2139 6980 4751 1675 9754 238 1750 499 6750 323 5647 9664 1948 9736 2342 8190 7221 2321 9530 7825 4073 6455 4012 1580 9476 617 7850 3006
29 2717 7794 7015 6864 3410 3283 1282 2745 8000 219 3262 7423 4379 1483 7130 2741 2224 8480 1910 829 4203 9479 6281 3752 6709 5398 3218 2952 7917
29 2863 7781 5973 5112 676 4192 5351 6309 2142 4446 4857 8159 4428 4546 1249 5646 3639 5899 1216 7241 8064 3739 9377 3352 1958 6573 7470 6598 9895
29 3425 3720 9584 7698 4400 3671 5683 6112 8518 4110 2055 7000 3834 3778 831 9595 5648 8720 8233 348 6297 3087 7252 2383 181 4981 5845 9607 4347
29 3448 5801 6729 2933 9129 8701 4302 6395 2194 5700 5059 4032 6018 2682 337 2326 4496 9653 9730 6270 3966 4968 7139 5677 3909 8195 2985 2157 2107
29 6430 3198 1040 9251 6102 3757 9302 7878 5253 6572 3336 5329 8448 5854 6873 3389 903 6962 3222 9807 1008 5145 7687 5571 892 3760 3074 2561 6216
29 9351 7382 6796 3324 9612 1631 5682 2531 3037 3254 1360 9482 8861 6187 9902 604 8975 8310 3378 1970 5283 5339 2374 374 3930 7677 637 4235 9784
29 4523 2517 9166 6928 3811 9761 1138 3326 926 2061 8358 5412 9216 6143 5075 3437 2108 8702 7133 6957 945 3593 9539 7734 8247 5650 5774 265 582
29 3187 3104 2335 2715 2048 5082 2468 3619 2470 3784 391 6862 564 9135 8650 998 9011 505 4787 5778 7535 3624 3977 9022 4020 9535 5317 3285 4275
29 4967 5147 1196 1909 1421 294 35 7028 9393 7045 5035 2986 1695 1091 3941 7033 8288 1654 9626 549 8704 5328 7659 4150 9759 497 1607 869 3116
28 1566 7337 3460 288 2535 4082 6341 150 4083 9317 991 3955 2316 8066 2546 1122 7750 1780 4719 4778 9843 9013 351 3510 8846 5491 3956 3870
28 1711 5097 9635 3919 421 4983 6007 3651 5757 1693 878 4869 6025 7612 8140 6841 8370 9981 1291 7646 6831 5992 8633 9074 3014 1015 6435 7568
29 5588 5262 6461 6655 432 6348 5499 1998 9457 4641 7484 3606 1320 4919 157 3684 775 7999 2246 2580 1332 6825 1497 2376 6761 2105 7371 9015 2149
29 9106 9360 8678 3316 8906 9907 7406 5850 6971 5355 2802 3146 5834 8482 7948 1866 3499 9553 1656 6140 2361 7451 8716 25 8994 6052 2915 341 8618
29 4904 9446 3772 4650 6445 2358 2154 2334 4575 6296 7473 5309 3134 9414 5220 3344 6170 4493 7225 9237 4007 3689 5221 6086 3196 4735 4512 2810 4087
29 8172 6557 9441 8566 9836 6520 970 9439 2917 7390 2509 8505 5852 6829 5027 5943 4027 5688 4475 1733 7599 5902 6579 1995 4297 677 5375 8167 6614
29 6570 6982 2890 4214 1124 1562 4309 1440 4117 2689 9835 8878 7429 9233 1145 9196 3047 3068 1845 8403 4233 6391 11 5728 6325 8061 6722 7178 4678
29 3353 94 1956 4458 2767 5949 792 7777 9415 3532 5530 1723 4658 1870 6375 8597 2130 4321 1246 6035 4208 8557 1628 6569 8736 6667 2143 3913 9741
29 7678 3632 4170 6155 779 5726 8381 996 7163 5071 4822 7928 7340 8426 7586 7757 2798 7217 7961 742 1463 7827 3712 2065 8002 3451 9444 6133 969
29 5835 8669 9591 6003 5333 6421 4076 5218 9186 7024 9375 7334 8558 3893 866 9876 4819 7808 2625 7582 8212 5141 876 6478 4337 8880 2273 1690 5666
29 3516 9692 552 1410 9751 8766 5912 2536 4799 3069 2735 7935 6763 2404 2220 6282 4838 5628 1565 4301 2628 4810 821 4593 7705 4947 5621 5284 519
29 7418 4581 2330 9732 9384 8765 7149 9745 9491 6276 8877 4440 2389 430 1856 9421 3650 3004 8271 9693 3093 7145 4409 6782 5864 3355 7631 9847 6014
28 9861 1387 5564 3201 6237 9963 9803 2136 9851 871 9500 2325 9179 877 7859 2193 3574 6649 9676 1940 1355 3221 8739 1375 8803 2848 2814 2634
29 6781 6257 5334 8625 6910 6767 5867 7915 2983 2176 5297 8008 8507 5817 7739 9616 999 8757 5733 9005 3935 1274 5649 4108 4666 9828 3030 4111 2103
29 295 1377 8434 6250 2860 4005 1131 4621 1253 4306 4124 1395 4696 8094 557 9424 4538 9471 6058 9944 8340 3561 4362 6769 7604 3601 1540 503 973
29 586 1573 5136 736 7442 2036 5478 2908 1836 3865 3742 2891 5803 7712 5581 1054 8599 1224 7510 5034 2035 4013 7055 6053 6717 1486 5970 2668 2084
29 2038 5837 5475 874 9273 4248 5058 7896 3905 5425 332 1166 3435 6137 6208 7184 8982 9426 3728 4439 4225 8521 8104 5017 3157 1428 8270 283 85
29 3831 3288 5492 1407 60 979 704 5170 177 111 1233 6590 2044 5840 7114 4421 3512 5205 7141 1884 6700 8229 5316 3706 7411 7478 6094 9838 7502
29 8544 2698 3937 5115 422 1515 132 1340 4545 358 9976 1045 1920 7118 3894 7924 6924 8425 5655 8496 7749 315 5873 5665 7121 5548 8290 9918 960
29 9180 7047 9037 7982 9382 7485 3783 8328 1485 4264 6800 5533 7443 909 1905 9877 4125 2181 6695 4886 9578 269 1183 5101 8197 8830 9731 4097 4300
29 5482 3209 5324 9933 8613 2339 8957 6866 4874 9153 4204 384 123 5306 3063 6220 4656 3231 9480 97 748 8998 9433 464 4984 4437 9829 6656 1199
29 1999 1752 9695 2263 4607 2137 3949 7359 5439 1532 8760 5550 3356 2235 5135 8942 3927 762 9345 5920 2958 7017 9063 6631 2691 5586 2291 8470 5517
29 9159 4949 4951 5134 5298 5868 682 7441 4724 204 4647 1867 1933 6735 382 9232 5642 2663 8291 8525 2641 2356 2856 9291 1305 6012 5432 2267 6405
29 2600 3076 8543 5129 1597 6876 8865 1904 3429 8238 8499 3055 7877 3321 1308 169 6078 8155 7027 4686 5807 8359 3699 2427 4877 5215 8978 5227 3818
29 6042 7855 5197 7552 1080 5313 971 6369 8441 2132 1837 9993 7560 2354 4551 3674 9323 5573 9929 9801 1343 6116 7600 6619 566 3457 4422 5836 3810
29 5254 9740 1746 5153 9621 7957 5052 3281 8005 8912 7209 1908 907 6878 844 6439 5590 6050 4860 6691 2787 6158 3483 5009 8749 6988 3970 6942 5921
29 7426 5233 4765 7752 3150 785 8417 1342 6436 4031 9548 2426 8721 3730 4448 9668 6861 7129 3852 8208 7255 7657 5140 2796 7923 5526 8298 1212 2451
29 9141 6543 1842 2916 7579 2701 4948 883 6312 1083 9771 2122 6882 4294 2666 367 193 9262 2164 3485 3843 5814 898 6040 6577 990 5489 3059 3595
29 8232 9887 9075 2459 4249 4677 2439 1932 1730 2947 4684 8294 1303 9792 6772 1535 6714 226 9896 342 7057 4427 2553 3112 5527 1967 2371 4364 9346
29 2851 474 8710 1590 6275 5945 8634 8718 74 8483 6697 4533 2276 7884 2893 1819 3418 2379 9726 763 401 8136 5155 9572 4381 2776 5736 3529 4361
29 3491 4494 1339 7384 2186 605 6622 662 2680 1519 8602 6354 9466 6129 6741 9681 8276 9624 7684 6949 1157 6108 8962 2751 4615 3583 3645 1315 9212
29 1717 7613 1768 7458 1505 9625 147 4472 9324 9442 4665 872 3121 7001 5230 5577 7622 1950 1702 6589 6934 9086 5558 8084 8695 2329 1672 7315 7492
29 8858 2765 6265 2399 4777 684 8375 4395 243 3212 833 7108 2408 7740 2424 5299 9209 4094 4842 5616 5626 1699 6465 7523 6833 205 6496 362 6422
29 1826 7186 3681 6231 8833 9678 2301 3858 1354 7765 7407 7076 4825 7288 8489 7615 3576 2806 4911 1101 1755 3200 7498 3141 7770 3197 7997 6843 7417
29 4611 8246 3911 4937 4926 5051 5348 760 5312 5763 7942 822 5290 1102 8761 8578 7898 4191 1903 8817 6131 5172 9536 8112 4411 6311 4058 9882 6787
29 1141 9443 4122 2012 2479 8910 2710 6057 9044 2722 4460 9029 1003 6298 3801 2015 4033 6946 9867 8692 329 885 4426 8685 9112 9030 8037 9431 5193
29 9413 4574 3258 3659 7543 3292 9909 209 5053 6630 3078 9247 9906 4583 1662 3657 3799 3085 6853 279 8021 3750 8485 3081 2203 4384 8353 9841 7368
29 3249 4634 3972 3987 1554 4636 8176 4358 743 9737 1104 2474 5828 6908 4633 6166 4240 5810 8626 7098 8600 9715 1031 4721 2718 3207 1727 2134 3767
28 8980 5944 5886 3064 3417 4252 6990 9762 2542 615 6586 5405 8666 5909 6100 6539 7676 4299 5636 5754 6886 2529 2109 4360 1115 2487 8132 7348
29 9049 4759 687 2 2578 4408 2106 6522 5406 5704 3280 6927 5830 9464 9381 1416 6204 3960 100 5061 2880 757 3257 7868 9633 9347 7926 4635 7456
29 6507 3704 5069 6402 3 9258 1229 5759 685 4864 2028 7068 1034 2811 2704 815 7673 5825 524 7398 2932 3980 9108 3848 8708 8750 2670 5681 2507
29 820 3827 8870 5881 8063 2401 3667 2238 530 1007 6609 1799 7990 8509 1135 3137 3567 1973 705 1649 6401 9682 9503 6260 4936 1629 3468 5410 6172
29 8220 2713 8740 3149 8053 6255 9540 4273 7660 576 5413 9502 116 6701 9923 2300 8401 716 5980 246 3564 242 3655 1337 2478 8893 9580 2956 2288
29 2805 6668 551 5247 4560 4587 1674 8873 2161 6567 995 3407 567 7663 1094 7307 8960 8336 500 1757 2073 1155 2865 4741 5459 1385 8187 1235 6148
29 1769 2198 6600 2858 2906 443 5022 6359 6944 3176 9970 3273 4547 3010 6228 7271 1918 4738 7285 3916 5620 9210 7197 197 486 378 2807 9873 9307
29 3875 1143 6245 5553 2253 8584 2622 2771 2064 8728 9067 1709 6178 3390 7702 6451 1673 6124 8643 9644 1775 1107 6239 2638 5725 5256 1638 6546 7207
29 7277 5535 1712 350 4050 7667 236 6994 7142 2989 1986 9654 6367 2675 1458 4414 6106 9587 9922 6247 201 8719 3577 3219 2862 6637 4643 5204 5885
29 102 1925 8399 3598 2141 1681 8320 6205 1064 3648 8628 3548 9651 9501 3889 274 2695 3596 2271 1084 1722 7182 1500 5158 5261 5471 5698 3334 9577
29 5919 7297 2554 7864 3442 5144 8746 9183 9084 5843 9919 9780 1436 6684 1963 982 4693 324 8537 5630 867 3538 5341 149 1181 4380 2075 8898 3232
29 7653 2550 4807 429 1152 3412 1412 7296 9853 8603 5603 1182 5689 3974 305 9673 5037 2792 1286 9432 8181 9369 3994 2405 4688 6068 9388 5418 2980
29 4119 1539 5209 6871 7367 9937 8924 5784 7405 3340 7815 8562 403 3812 4943 4139 7630 7813 6527 1850 4253 5735 3578 4510 2731 3607 2059 9724 8311
29 7674 5383 4994 1976 7986 5102 4858 6446 1725 4527 8391 2040 8691 5782 7276 2527 8867 4596 7832 148 5866 206 6774 7583 4271 7856 7772 2936 6491
29 7584 773 3534 3903 7867 4739 7870 9943 7111 230 1688 4290 2685 3317 5972 9283 1828 2047 7447 6193 727 6477 5381 9978 6828 7731 7174 6480 4644
28 8424 2607 330 4802 2965 5896 2018 2450 4025 1307 8894 9332 4612 777 1358 2125 4623 6400 8156 3394 3397 3309 5776 5515 1266 6798 4791 6173
29 4078 1512 227 6168 7151 8663 3804 4377 3185 1883 3330 4882 3839 5664 5947 6362 9387 7181 3822 9516 6118 5753 316 7602 4228 575 953 6647 7649
29 2586 6897 3656 3044 6284 171 8756 1368 3882 4158 5314 1754 228 9160 5767 7556 2432 1341 3244 3445 4216 6370 880 2063 2844 8953 6524 8479 2388
29 6808 1030 8227 7331 5171 8250 3033 6389 4348 8123 203 7355 1085 1744 7953 8610 3814 4836 2453 8703 9319 4859 7987 5521 3649 4841 788 6663 694
29 9168 4349 9743 8003 7976 9719 9494 1898 6550 4577 2078 4564 6115 6063 8630 2872 9560 3884 2131 1116 9341 8275 783 9342 6356 6377 6271 4063 9600
29 9888 1942 457 9042 5910 158 1547 7489 1802 4396 3379 8296 5282 3464 7058 2508 8087 985 7563 4670 4198 423 5589 2964 7807 3168 2444 3444 6575
29 1579 3025 2365 3914 3331 8072 7719 2774 425 8493 59 9728 3127 1467 9060 4839 2043 5003 1684 2898 3617 3053 7461 2491 251 5926 4353 7165 3082
29 6424 3492 5934 3781 3620 5705 1521 975 6553 8040 360 6648 8855 3807 1853 5409 6180 2299 7943 5267 7548 2210 1328 814 1474 9080 8574 8631 6479
29 9321 9561 5903 2305 4529 6322 6411 4387 4004 9203 5601 6997 4835 7025 9552 4424 4149 6494 7064 3428 6608 5995 8852 8606 6916 4274 3366 7718 1648
29 4960 8961 1491 3694 1608 706 3091 1917 9554 8289 2068 1206 865 4986 2981 6629 6492 3293 424 3566 7 7594 9167 7972 652 9927 6371 8879 5255
28 7782 90 7397 7969 8273 5436 8012 9395 4630 597 9562 1215 115 198 8254 4080 5040 536 9611 6555 7945 1501 607 5560 7463 5285 2532 9643
29 3592 816 8934 2940 9076 4001 1639 7768 2289 6329 6856 6224 3124 7532 4128 6837 9409 5464 7093 3077 6641 723 1447 1790 7396 9064 6320 7153 7527
29 2209 1130 1556 5815 1737 1575 4694 8478 2961 3481 6820 5124 2852 339 1451 5775 4843 650 2723 3788 7420 8342 2987 7601 79 8776 5789 5473 5107
29 934 862 4238 6092 5968 3238 3242 8673 5401 1242 9720 4720 6378 6721 3609 5356 7803 1033 3031 2827 9663 7140 1318 2115 1119 1446 6513 7747 3227
29 175 4922 8415 8120 8530 6481 590 4950 841 2511 5781 9983 9228 6182 7233 318 1886 9776 1190 1230 1696 317 9198 6293 5795 4913 2895 4418 5453
29 6423 7179 6888 9304 4186 8966 3225 3556 720 5012 2931 9952 3147 1642 2845 66 7514 3891 3776 8098 4709 3864 7512 5702 8935 7951 1473 8265 3399
29 4768 9038 528 7648 2815 1588 5188 8488 2477 1317 5509 3515 510 8963 7491 4072 5627 8587 4742 5697 707 6733 1297 4959 2498 5734 4354 3080 7414
29 962 8128 2954 9930 404 9097 6519 4566 902 290 5906 5169 9655 3502 7035 5268 5394 5331 2941 4770 6107 4971 5085 5337 7746 4895 5591 224 1154
28 7914 3210 5653 9352 9033 2236 2920 7379 3430 8150 532 2188 1144 7043 7431 7385 9683 8396 9758 6896 8806 1646 7977 7618 5882 9904 1697 4690
29 5832 1415 9747 5751 6177 7430 4795 5742 3341 9274 4140 2647 1244 6272 4851 2283 7155 9405 7433 454 1987 5449 2079 948 1981 5685 1027 212 1445
29 8097 9031 2152 7244 4910 5654 7361 4478 980 619 7037 4591 6510 3759 2939 7013 4525 5989 4187 4159 4626 2317 2160 5342 8146 796 2829 8180 6906
29 3423 2086 1805 6117 1890 8575 9665 0 2403 9178 4833 545 7404 9845 8338 8713 9066 7823 8199 6043 1384 9146 1443 7717 8845 4561 4268 3188 592
28 6950 9213 6595 3005 5999 1913 6105 8920 252 2538 1749 642 5497 603 5379 5758 9276 1645 9779 1164 9639 3294 1086 1479 9208 8305 8941 2528
29 3922 7006 7871 3099 5400 6868 8500 8022 6300 465 3794 8191 4376 7242 1667 369 5447 7210 8671 8 8361 8102 2545 6248 2211 8484 1678 2007 647
29 1808 4303 9361 7449 1053 7436 4313 4692 1895 1971 8147 4021 1698 4423 7557 6380 514 5419 6863 1273 827 7263 6541 1930 2819 7968 1150 277 6627
29 1587 8472 656 2228 6351 6211 2609 5875 8322 974 1622 3507 4092 7104 3983 3250 6146 4085 6958 7550 3793 9722 9101 2328 2093 3653 3202 4771 7010
29 8946 994 2442 7894 434 3347 1487 9795 5862 6515 8617 7525 2066 3199 914 7124 5187 4118 4924 9230 8735 7818 5981 7524 2938 7741 8640 6179 2423
29 577 436 8903 1275 780 7980 216 7751 1759 6277 1643 301 3798 4180 965 2287 2692 756 370 9396 4220 9449 2336 485 5386 4872 8771 8307 6207
29 13 1831 5721 3476 4386 7773 7375 3203 7483 400 70 300 6368 6508 9177 8990 1977 5098 7357 5179 5623 2377 2597 4366 6002 4224 8744 7996 7796
29 4804 2766 4088 8778 1267 3610 1203 7840 4190 6824 9281 933 2878 6915 1461 3616 2341 4847 3248 3751 1945 2476 5709 7505 2866 9113 2481 6898 7364
29 8078 159 2855 3560 5456 6125 930 9533 4044 6344 3608 8832 8956 8384 7146 361 2727 2070 326 4846 2180 8163 4267 5946 7544 5276 7123 3555 1289
28 9601 286 3630 8885 7650 6912 2642 9350 8641 4363 1092 7766 3360 406 57 6545 6802 7585 7127 6558 2366 29 6583 1877 8018 2357 3008 4014
28 9714 7639 1704 5997 4710 2912 7327 3625 3711 1032 3743 5699 8538 1829 6398 254 2111 4865 7350 9566 8664 2575 8632 8788 1509 3092 1313 9768
29 8849 9688 915 4006 5226 2873 6551 5010 2525 1118 1419 1460 8231 7792 2010 1439 3895 5957 7208 3967 6067 770 8160 1716 9285 4197 8589 4712 7234
29 3709 7566 6992 6493 1429 4181 6634 4642 2179 7455 7091 7645 7007 7509 6414 3677 8614 354 8016 5047 5788 1687 349 6499 2311 2345 1991 2587 7264
28 3766 4447 2874 667 5598 6123 6727 6212 5878 8476 8318 2548 609 1721 8901 3897 7912 5212 2592 9088 7254 6342 3586 6838 7788 6303 2620 9192
28 1574 9288 188 1100 2239 4628 8970 7880 5570 8025 718 2178 4430 6337 3477 1783 5958 5236 4572 864 1438 9305 9193 5538 5936 587 7965 9404
29 3873 27 9202 9632 6410 9590 6658 5506 2233 1020 7257 8857 2606 6406 6483 4676 8996 9647 268 9532 9541 6592 3374 6077 6136 3906 8784 2582 6091
28 4115 8896 910 7253 663 1969 6826 2738 1810 2071 3925 9821 2416 9844 7099 8031 4800 595 3007 5194 3787 5710 3498 3729 6920 4762 6189 7533
28 9014 4662 810 4535 7232 3122 8410 5587 9338 734 7536 1630 3635 1847 4226 6048 2364 8116 6967 8767 3597 8738 186 7342 3936 4695 3305 7908
28 4466 9718 5555 4717 229 1923 2298 435 4938 5100 2030 6999 4147 143 4157 7515 6306 5422 4399 7959 6019 1162 6602 1978 3547 103 8774 7555
28 3387 8183 4773 4279 2353 6822 9356 5177 1839 7097 6989 7377 71 8334 895 611 2312 398 3621 5362 3749 2934 6702 5232 1404 3289 4586 9802
28 4322 9157 3471 4327 3177 1430 9961 3513 4003 6860 2725 3490 1044 7321 751 8908 9297 3432 1955 46 1077 6852 699 3948 3940 8582 3279 8351
28 1572 4397 256 1520 4195 8108 2375 9975 7916 7784 1226 9862 5913 2743 9091 3672 101 325 759 8705 6122 3990 9514 6076 9934 4600 9968 4037
28 4141 5388 5213 69 4622 9027 3917 4809 4640 1259 7336 3631 3488 2944 2739 9122 5539 2113 6775 4464 9926 137 3447 7595 20 7223 7474 4605
28 526 2847 5195 7516 8751 289 4323 9753 9451 9126 7503 2255 2520 5073 7831 7172 5541 588 8984 9512 433 8079 7480 9924 509 8060 7921 8964
28 8044 8121 7496 5128 6283 4053 3019 3439 420 1792 6138 686 5428 9694 6502 1496 5531 3125 5799 9521 136 1982 7101 8535 5110 9398 950 4875
28 6229 275 7695 4896 3907 6016 5857 7541 5168 6015 3791 3553 2900 4603 6418 1114 6302 8321 2402 7325 8069 7204 5180 2953 9517 8416 2467 6088
28 701 4805 6151 2971 1600 9549 1198 2794 5159 363 3364 8815 8605 1761 6450 6998 2485 9671 3638 6381 5722 5025 4265 5660 7791 3173 9349 9354
28 8099 9662 1285 9019 2752 2218 5619 80 7755 6472 2522 9703 5905 9010 6426 4335 6621 6965 5986 4972 7819 3591 459 9886 1543 8272 7004 7947
28 3216 23 1807 9804 82 8421 675 7369 793 7812 8213 7983 5611 5993 7088 8095 5239 3325 2344 4330 7497 9259 8838 9953 2627 9422 1211 6865
28 3155 5130 7402 6936 6113 1217 9407 107 6186 4559 2763 3434 5024 8925 6156 7763 645 7231 4357 2696 2605 1859 6560 6797 3354 9765 5481 3554
28 1408 8383 3899 9039 3707 2775 1542 7960 1603 7661 2547 2935 3795 9279 2369 3853 9169 812 4763 4725 4528 5922 2437 8823 8110 5918 8092 7907
28 8995 1846 8080 2472 2051 8046 2391 2574 5084 5407 4178 1023 4295 5427 533 5652 6807 6712 6195 7634 1432 4620 7619 3998 7991 390 8539 977
28 746 9727 8850 6363 6563 6966 606 5376 3544 8477 7925 4383 8591 6060 210 3978 3837 538 7262 3475 1605 4729 3995 8203 9788 7261 6626 8932
28 6392 3179 6294 2469 7575 3275 7239 6817 437 5879 2629 8347 3284 4713 3514 5546 4051 2975 4023 2515 9357 622 7857 1538 8117 9586 561 6806
28 2672 9447 7529 5387 3992 5797 9955 7227 4193 1676 8330 8967 7056 1418 585 5978 1088 2910 3433 8662 959 6290 1005 3111 5196 6397 3957 8114
28 6975 7343 702 6032 9627 5522 33 1888 5935 4638 7352 6814 1962 2730 1830 7200 8319 9509 7168 6346 4308 3613 4979 1786 638 3816 6955 711
28 78 6319 2000 8745 9095 4314 4722 9648 6236 5568 7243 1988 2877 4218 8560 4902 8534 3184 4372 495 1324 1202 5305 9034 2709 4680 1327 9163
28 4189 2090 1021 4217 7519 6292 3114 2409 3724 7835 9815 8907 6213 3065 8348 6075 6518 3046 8563 4429 5414 284 8647 5819 7518 166 8062 4871
28 5014 8364 6640 3682 5940 5542 6703 3170 1767 1248 4201 5818 2092 8038 8329 86 5484 1336 9144 1901 9938 7562 372 714 6660 3148 7839 3808
28 1813 7511 2069 7060 9899 9773 4069 7393 200 1089 5175 2412 4179 7005 8796 4258 2653 8119 7632 7640 1200 9472 5300 5996 6013 8916 2969 9827
28 3363 2297 7475 2599 2135 2024 8933 6393 9289 1301 6225 5404 2859 782 947 1713 8210 5399 5927 9199 4234 3823 2612 8363 7280 6028 7934 1990
28 8786 9248 8592 7724 5258 6485 8564 117 4194 7304 7727 5083 394 680 7012 8283 9469 1581 7732 1729 6645 4537 9508 7551 8712 1601 1928 1773
28 8057 596 8969 3867 1558 4817 7299 4356 3715 5142 5311 6674 2998 4343 5006 938 6953 2227 8056 8086 1528 1827 5624 9065 7970 7726 4556 2565
28 4935 7175 6093 2169 3702 504 8727 3558 3654 9254 7522 1069 6948 5761 8341 7069 3535 3419 2473 6285 7565 3673 5234 8527 3717 2959 8619 3071
28 5062 3929 7439 9891 1250 9874 8050 2950 5911 5133 715 9677 2818 6471 3461 8168 4438 4010 3539 7095 2222 293 8772 6141 616 9474 6737 6121
28 9111 1191 1186 477 3623 3118 6299 9583 9808 2457 4431 7267 8989 4045 2464 8688 9140 180 6827 7366 4154 8428 1311 1951 5813 3663 2781 2630
28 1965 1125 6857 2042 7116 7721 1854 3587 6163 110 3546 644 9833 1406 2671 981 4522 4780 608 3792 5933 1331 1112 3493 8164 4592 7841 8805
28 4852 8394 8166 5632 5520 6766 9121 3182 5969 6847 1526 7213 7989 805 4120 6453 263 6288 8198 9171 6834 8157 9948 9557 7413 9774 5257 5044
28 4052 4246 1330 8052 3367 6844 2782 4550 8687 3487 9917 7873 1489 9118 3026 2475 8667 7189 4451 176 4245 8531 8188 9020 7542 4954 936 6537
28 9925 5557 2649 598 3323 9241 4486 6361 4017 4785 9910 2948 6206 2973 3271 6226 6079 2087 1480 1394 3933 9399 9348 2926 9143 9987 4832 537
28 1048 8468 5908 9128 9150 6753 7464 2232 4521 1039 6171 7188 239 6253 7844 96 1613 2229 2045 657 6259 1232 10 3351 5711 1288 5050 5240
28 654 9538 1924 8717 9515 7715 473 7338 4444 135 7131 997 9739 3269 4761 6611 2445 6725 9641 8457 8785 9331 8169 9124 1765 3057 4714 7187
28 4065 8406 3701 9606 5181 7176 2673 1258 8528 7401 3110 5291 9222 4074 8621 7681 9427 1584 8444 4899 6913 7452 7799 2812 7152 2737 3062 5988
28 4182 4796 4503 6474 5460 1276 9055 2433 4145 4542 9760 9964 7846 125 8762 3458 5487 1640 6505 8856 579 9610 9450 8542 7617 3979 6947 1778
28 3145 7704 8073 1835 2914 795 8093 5396 7993 2552 8215 6582 5847 2984 9707 9325 7206 3253 9316 672 6031 8344 3154 7289 6327 2911 1136 5273
28 42 3665 1751 1051 8234 9708 2608 4089 6535 1545 5036 4582 8661 4090 5067 802 3971 4541 2602 3915 151 3358 8706 455 6704 1010 2493 8816
28 4661 3235 2813 3172 5151 7679 8834 9107 8274 472 972 2120 5118 1879 9996 9197 1050 9567 8300 1844 1949 4283 6858 5764 6784 2904 4940 1099
28 9340 5939 5206 130 3764 515 9229 5457 7693 8593 9368 2913 8035 2500 7692 5956 222 9551 8997 4806 9519 2190 828 894 1396 6008 6498 8753
28 9189 8568 3027 5349 8936 5783 8201 9898 9954 2595 8067 6434 9618 8814 9024 5565 2697 4534 8839 5641 9834 6467 312 6339 730 3328 3381 6279
28 9435 8653 9200 16 3050 1293 1996 5556 1028 7330 2867 2153 1128 6457 639 9617 7081 4609 2259 7956 7434 9605 9950 5629 1227 9164 8583 4789
28 152 3247 9470 1772 5829 6794 456 8577 9994 1671 2373 4136 1650 2165 4637 9312 3740 2307 4826 2449 8091 506 8622 640 5549 3120 2594 7886
28 5057 8504 8286 9385 9967 15 1593 1299 8541 4929 1861 741 5894 3393 1530 6698 56 4162 7314 8397 1251 520 6909 9069 8979 4352 696 6135
28 7427 1595 8134 8949 9454 7728 7910 174 2281 4691 7950 2857 237 2056 559 3370 7626 3885 9701 7067 6243 8951 5184 3098 2094 7029 9645 9481
28 602 9498 4808 8547 6516 3836 9467 4048 9660 4958 9035 8437 9300 3585 3747 4109 618 3824 1806 5891 5656 8474 1669 8520 1316 574 2099 2155
28 6197 3496 8026 9224 3291 5229 6427 8553 2937 8655 6033 8144 7949 6484 9299 8051 9513 9528 2726 3999 458 6903 9301 8174 6059 8682 8151 2406
28 4760 6488 2836 3264 5244 6657 5201 8646 8398 7374 8260 8734 2465 2576 153 5378 8028 6343 6232 6132 1357 7665 4336 3527 4291 852 9650 7049
28 2378 1359 7251 3322 1465 3755 1414 1944 6473 7664 6914 6454 5200 8842 3096 4146 8226 9174 1743 3052 9265 2089 6209 4320 5805 9293 5915 9527
28 5046 3628 3051 896 8193 9462 6616 3420 3912 6233 9090 1163 2080 8015 512 2581 1169 2660 4595 7506 6880 8411 8763 6431 9710 2616 9161 5561
28 7633 2864 9756 6961 9268 5210 3479 9182 4341 2083 452 8222 387 7077 7587 1598 3869 2899 244 913 155 4173 3542 8770 3710 769 9018 1793
28 445 4066 7173 7481 9397 8418 8913 4251 2601 4997 3986 8976 5332 7973 475 9292 9893 444 2639 7507 3497 4324 2824 7453 196 9687 2850 5033
28 9371 3452 4757 7020 1855 7974 8494 3904 9267 4652 8214 778 5974 4161 8490 4378 4570 5340 9749 6219 364 6066 1974 8515 6532 3421 4897 1993
28 3590 5336 1113 850 1776 2394 7412 2266 7202 2955 4497 6693 7237 4925 4276 2187 8139 5389 5463 3282 2455 5250 695 4369 6533 1464 6217 9343
28 660 9957 450 7191 9190 6262 1592 4524 2562 1082 7071 9704 1459 9185 1726 6438 955 4035 8331 6023 4920 4242 1857 442 1762 467 119 6055
28 4473 6770 6890 2384 3139 8954 6643 2674 5369 5403 8677 6238 9370 1621 7265 3301 1537 8866 2596 5099 7669 267 932 4222 2510 5849 2349 3021
28 4071 846 1816 3855 5585 9915 4703 8741 9949 2654 753 2643 55 7682 48 9757 5880 8082 5708 2023 5203 1782 8985 2046 621 6074 3872 7460
28 5552 3181 5966 6889 5308 3851 7691 7561 689 8309 5350 5998 7459 5450 1142 8759 2568 9534 7624 272 4022 5715 1731 1347 2537 8011 3826 1185
28 7828 9243 4169 3932 9139 8266 8285 6652 8876 7955 8862 5694 709 9824 3401 958 830 4654 3718 3012 129 9379 18 8955 7164 4698 6269 3048
28 3236 1035 68 8324 2633 1283 3001 2687 1897 7651 9812 6449 9158 3382 4855 2256 8497 2173 9511 4928 4102 5824 6661 6022 7858 6673 870 9556
28 7662 5467 191 4957 1178 4304 4597 1541 4562 6268 7284 1402 2842 2657 2970 2278 6403 17 4861 3217 668 7169 6593 7683 2505 2268 4502 9799
28 7937 7539 9568 961 1220 7952 8958 7278 8627 9093 6705 6460 5162 2082 4277 9570 5248 8313 8419 1180 8059 1153 8433 9032 7521 3668 1559 7471
28 1109 6001 2557 2963 2168 2677 7201 4745 5301 2009 5578 6813 6728 4098 1719 2979 6334 5631 8973 776 7193 6101 4155 7457 9900 3962 5216 8096
28 1472 2803 281 8890 627 4393 941 9078 3500 7462 3506 7958 6386 1188 6692 4112 4610 1732 7283 9009 9775 9603 2340 2559 5275 3308 1739 2783
28 570 7030 8017 3950 1758 9721 8609 8463 2274 6708 1158 1880 9303 9261 5202 5737 7236 2492 6054 8580 6071 9468 8179 3450 9134 2041 9100 1864
28 7576 9589 3383 5483 5005 2519 1689 4734 3777 7415 2943 39 1097 3806 7725 3605 4509 1623 7573 2127 6081 1953 5225 9766 7386 7089 6842 4747
28 5465 3782 1670 3462 5148 6554 1804 2331 3018 1692 4064 5701 3241 4743 9359 3067 2419 4070 8608 5087 9275 7389 1900 9277 1937 9423 8945 2678
28 2993 612 7358 9984 1210 5525 5435 5163 1549 6872 9529 6954 8435 861 4471 9598 4059 6387 976 165 890 8408 4319 4884 3988 5729 9786 511
28 1641 1425 446 9592 7528 5318 2838 2337 7869 3320 3484 2946 4985 1553 1353 7558 5295 285 8054 2871 4675 1018 5657 818 2054 491 3106 4539
28 3902 6154 3501 3350 2555 1604 1004 6744 2832 5028 4941 584 2121 8864 1504 3961 8773 5692 6964 3600 7269 6080 5445 3459 4973 4518 7593 3504
28 1466 2583 3575 8841 4476 949 5323 5223 9314 620 161 2502 1176 5015 9390 4340 2231 2333 2460 3342 5743 897 6799 4416 6490 2999 7424 5320
28 8551 1038 5938 8438 2343 7286 5580 9880 2039 4792 5951 4873 3622 673 7363 4113 4555 440 1624 4863 6070 4484 2978 4450 8559 3652 4135 4625
28 8090 352 8851 170 8820 8681 2770 9172 9149 1269 7767 5811 4992 5265 4351 758 2290 6760 5977 260 9493 2875 6899 5359 7192 9463 8402 2719
28 4753 6671 9492 540 4144 4355 6221 8911 3158 6385 5440 7059 4132 6945 1552 3470 2972 3327 5931 8312 5892 3133 195 3687 2567 6762 4516 8194
28 9488 8207 7183 6030 2085 3186 7538 3604 1121 3774 2924 3563 92 2903 7199 2888 6009 9487 4653 6333 1513 6723 5286 8555 7810 5780 1484 2661
28 207 6497 128 968 3696 73 7061 674 4325 1980 6210 2610 1126 7290 7167 6786 4740 481 7762 6549 410 8635 8965 5615 9705 5092 1399 3876
28 9215 8948 498 5461 5423 8937 9599 3803 943 6711 8623 8552 781 6291 9796 7212 9999 3594 9783 853 3924 8888 9819 9253 4702 8596 6157 3531
28 7148 5008 5917 7351 3391 768 8111 2853 2207 2320 6918 1915 5417 2534 3108 6930 7733 5272 6839 3761 9373 1019 8088 6688 1393 3522 2431 1868
28 138 4236 7309 659 8445 4104 4975 8001 8316 6715 5192 1292 5579 863 5752 9810 6396 247 9985 8656 7920 1658 3224 8779 6415 448 8548 1627
28 558 6062 4996 8733 8162 7259 4673 3489 4457 5384 83 798 6780 2761 9931 9794 297 9070 3945 6894 8405 3861 2729 8032 8516 9991 4775 9558
28 1386 5613 5113 2304 357 397 8239 9380 3802 9634 1708 9092 9309 8142 7893 6644 2564 1502 508 2458 7904 2579 752 692 9148 1655 7697 7775
28 9988 3551 8977 4480 952 9147 9238 484 8840 51 5983 2887 6352 4160 5732 6350 2245 6689 1591 7051 7444 8065 8929 1454 9679 8024 7903 3570
28 9543 1271 336 3951 8204 2101 8442 311 7078 525 4130 4266 109 1314 2348 8175 9419 1941 6734 9711 7085 217 6139 4008 749 2544 824 6596
28 666 626 5740 4824 3405 908 8790 2797 5343 9260 9839 4375 6612 2645 7882 1221 6353 9998 8113 347 6536 7933 113 2626 2170 5844 5551 6511
28 5777 9136 271 9966 3455 208 6859 2410 8783 7743 9110 2826 1796 9367 5718 7779 6850 755 4618 5338 3270 4462 826 9524 547 2881 282 496
28 2265 405 7014 6234 4200 738 2637 4672 2303 8206 5584 6849 4402 1352 8871 6594 5056 6487 9473 7780 1478 3626 942 4631 415 5161 5635 849
28 4398 4878 7380 1809 3009 5307 9223 3520 87 3908 9173 1589 2314 7588 4317 4756 2110 5773 3549 9965 3658 2669 2483 399 9863 1071 4962 447
28 3153 9826 34 5310 4834 8992 5925 9133 1098 2646 3863 5000 8248 7696 5727 4845 6884 7570 7333 9125 8863 5452 6273 4664 5466 7900 966 6730
28 4764 6597 4481 8624 9816 7381 4231 1735 2175 7709 8245 5791 2577 8255 6895 9400 4106 9709 8379 4711 3115 1529 8742 4905 253 2189 2968 5269
28 3511 4989 8297 2570 1644 4567 9585 5639 2318 5023 1435 5442 5411 7258 2032 5746 7834 744 9518 2750 7293 9496 5719 6907 6654 1105 5021 6625
28 2823 1312 8143 2736 3744 5883 2644 1012 7931 5119 4281 2116 3819 5048 1137 9050 5199 912 4359 9746 7686 9550 9004 1957 192 1615 4540 3634
28 9282 2351 2005 1417 5117 7621 8798 3299 5496 5490 2100 359 8938 7623 30 8860 6104 5498 1823 7160 8809 1110 4790 3208 4517 6184 1533 124
28 601 4392 7421 1822 6677 5 5863 1302 739 2558 4728 8413 5063 7962 9935 6111 7932 8420 9085 6529 728 2421 7490 9878 6929 2008 2556 2504
28 671 8205 2418 8829 3898 1740 4221 2313 3156 9889 8153 4515 3849 1936 1409 9483 1117 478 4604 5111 5544 9225 735 856 1798 24 9188 202
28 9155 7494 5529 7744 653 1441 3573 6747 8993 8944 1309 8931 4425 6749 693 131 5567 842 3414 5094 7302 3070 3910 7119 6921 2716 1106 6164
28 2636 3505 4660 9956 7625 784 2868 7675 7468 6037 546 2397 5869 918 5191 8373 6617 5385 1058 7403 6194 3676 3996 3369 8782 2441 836 5690
28 4077 7216 417 8464 1448 6746 9546 9986 5769 5474 2590 7432 7589 4420 8148 7378 7500 1578 7964 4491 8354 3469 7360 3045 8081 5609 5717 3642
28 8453 7720 7611 5895 3557 4887 3669 6419 266 7062 9526 4565 858 8007 3888 6851 52 2128 3773 122 786 4912 6911 4061 9912 7246 3901 7063
28 6845 3169 4507 4917 6073 1794 9989 6738 261 893 5592 2656 7300 8886 1063 492 2292 2929 6789 1296 9574 9879 9903 9667 5809 8501 1345 8887
28 8561 698 5077 9052 2966 589 690 7356 1620 7135 6574 7785 6993 4578 8787 733 904 1231 8230 1335 2486 4000 7754 2962 8100 7804 6240 9510
28 993 7487 7689 2573 5680 2279 5167 4315 5146 5045 1647 2897 2033 5808 1070 6968 7889 7975 483 6987 139 6420 7897 4608 6867 5543 3868 3375
28 9872 2202 7694 3278 9640 9489 5353 9939 4247 3989 8808 1389 5080 922 2540 5730 386 2521 631 6004 5663 9306 2025 4927 7738 3985 7294 2611
28 9742 1896 9227 3763 6995 3332 6099 2489 9854 1207 3402 6552 6082 1294 9326 8295 5174 7410 9920 3000 2196 6679 9905 2104 2779 5678 6235 4977
28 4974 7574 1067 1278 7603 1787 8831 9461 5278 9376 2651 6773 6429 6399 8475 3287 4244 8900 72 6870 6923 5437 6981 3800 1939 6029 2585 1177
28 8724 523 4944 8130 5182 408 164 4452 8680 5189 5501 3846 4599 376 3786 2753 8519 5393 6736 6803 6047 1989 4468 6534 1975 7435 4923 3107
28 2452 6152 7011 6509 9520 2221 5125 3480 4588 7419 7466 8813 8512 1498 9344 8129 2216 5131 9901 8473 5888 1506 6289 5402 7107 2123 5002 1651
28 9890 9417 2604 9378 1390 9165 3541 6274 2707 5687 6318 9871 2390 8915 6696 1488 8707 1931 772 7685 2461 8126 1527 218 4995 7789 2925 2494
28 3123 476 854 8049 2841 2167 385 1174 1609 4095 2760 5106 7247 4617 6742 6530 3204 6249 6127 6984 9245 2363 7486 1714 731 8487 2215 8392
28 724 6347 5865 2140 4784 7668 9456 6295 1602 3166 7776 6456 3095 8137 5426 7564 3043 4752 4837 9000 921 6840 1017 8058 8660 8792 4526 5392
28 7901 8590 3579 9785 5574 1076 6676 4134 9798 6690 3892 76 916 2551 1392 1876 1858 2488 5853 7797 7137 6801 4999 8306 9001 8228 3633 8314
28 7883 8447 8431 2640 4152 6464 91 6409 194 6364 8369 1524 9490 3132 1171 7758 1161 5357 2022 8524 5143 3165 5120 4584 5569 7002 5513 7911
28 3815 1893 7979 1700 9772 3267 1243 8264 5510 3144 4945 4914 3543 9672 8422 7909 8758 2886 9875 7874 7034 712 3688 1281 6181 2907 7066 2623
28 7256 3775 9951 7798 879 3537 5079 9362 2001 8988 8573 4316 3686 2632 1636 5924 9021 1073 8947 154 7274 5358 7220 8554 573 6881 6969 98
28 3256 534 7329 1499 4655 4030 8569 2435 9499 5659 648 4823 924 4748 6670 2757 3820 5640 6087 1992 4932 7892 1997 2721 6360 7843 7885 3748
28 6638 7096 8513 1926 3536 53 5228 8292 5861 7670 868 8755 2017 9455 3920 9564 6940 7143 6307 1510 4041 8014 8902 1470 2703 8891 1875 233
28 5500 8440 49 2003 931 7158 3205 3934 9220 3398 8253 5018 5438 628 1706 3213 4893 2839 5572 4854 1388 1481 5380 3842 2275 4552 4345 9255
28 7822 3533 5898 7230 6313 221 7605 9725 8642 5055 4921 310 5451 1029 6147 3886 335 2133 2997 9269 2347 4075 9661 9170 6503 4590 2213 7272
28 8315 6683 1140 8282 6444 5126 319 106 4889 5068 1564 4952 5259 729 3152 5982 2484 4143 6777 2742 8467 298 7714 2248 8987 1270 2530 6632
28 9696 6785 89 460 1241 1165 7944 6470 1871 4272 569 2124 259 4417 5104 4207 3890 5150 6875 7504 2159 8202 3135 3727 5937 9003 2249 4915
28 8407 8835 2777 4 2747 2569 2591 3984 3215 9818 8089 3454 5108 9 245 4934 9077 3408 4853 9386 5684 9859 2282 1682 8981 2119 6149 2791
28 6891 3482 3339 9130 4126 3722 402 7392 9436 4726 3035 9057 8686 2413 8124 2387 9295 5672 4133 3964 725 6694 9977 2398 426 4237 1350 4594
28 9284 6720 9131 3306 2013 9391 320 2541 6331 6666 38 4344 7308 5833 6433 2206 5081 8041 1619 8825 1534 2655 8308 1254 5536 2306 2456 9969
28 4469 8339 1983 4436 8471 3731 2129 794 5821 7876 7122 5770 1280 3568 9609 4434 5806 4453 6528 3365 118 2619 7666 787 4479 8959 1522 7722
28 2652 6931 8565 7161 3845 1760 4282 3195 4263 8689 4544 6145 2463 8436 2882 183 3109 6120 1748 5494 7311 9945 3438 8522 5231 5372 6561 6835
28 8709 7946 8481 1614 1123 6379 4298 2499 8469 3813 1168 7009 1544 1401 8362 1536 2425 6417 7373 8930 1078 1372 6317 1518 5593 5960 9544 75
28 9814 7222 4091 3746 6005 6985 572 8076 5802 5856 3277 2370 2790 1223 4213 1832 5001 4706 875 9142 767 4569 5039 2393 7106 3345 8412 9204
28 4801 5608 4068 5109 9484 8651 513 1707 5822 1423 9087 258 3584 9448 3723 5622 5755 5651 4879 2688 1703 7567 8556 4746 6308 3664 4707 4184
28 1187 6425 5914 817 2323 2801 6267 9310 8638 6412 3797 8350 1321 5330 7075 5505 2945 9465 4786 3789 3874 543 808 1378 427 5667 6564 900
28 1577 3119 8400 2252 8237 1612 9477 2322 6740 4679 7802 3982 7072 3700 4776 5662 9659 1720 5103 4554 3230 5518 8323 9865 6169 3697 8240 4821
28 5798 4474 7394 5534 7992 3881 630 5302 1326 3565 6893 9855 1490 4813 2982 6521 5013 6045 2112 1561 5607 2117 2302 3588 5633 9916 3540 9941
28 6669 8366 1192 2037 7383 5360 3300 9495 5183 1431 5096 5292 4410 4829 4312 8242 5884 4305 7963 5893 5264 4121 3066 8533 2706 4793 6650 8385
28 6330 5241 8781 3735 1260 163 3079 2027 3887 6188 2011 8892 9278 7919 7238 449 5741 2270 1563 4876 1922 7339 9181 9082 9099 3226 1851 6413
